<?xml version="1.0" encoding="utf-8"?><testsuites><testsuite name="pytest" errors="0" failures="0" skipped="87" tests="87" time="4.785" timestamp="2025-07-01T07:07:59.015629" hostname="852be435a0eb"><testcase classname="tests.e2e.test_advanced_database_operations.TestAdvancedDatabaseOperations" name="test_complex_join_operations" time="0.240"><skipped type="pytest.skip" message="必要な環境変数が設定されていません: ['AZURITE_CONNECTION_STRING']">/app/tests/e2e/test_advanced_database_operations.py:35: 必要な環境変数が設定されていません: ['AZURITE_CONNECTION_STRING']</skipped></testcase><testcase classname="tests.e2e.test_advanced_database_operations.TestAdvancedDatabaseOperations" name="test_aggregate_functions_with_grouping" time="0.001"><skipped type="pytest.skip" message="必要な環境変数が設定されていません: ['AZURITE_CONNECTION_STRING']">/app/tests/e2e/test_advanced_database_operations.py:61: 必要な環境変数が設定されていません: ['AZURITE_CONNECTION_STRING']</skipped></testcase><testcase classname="tests.e2e.test_advanced_database_operations.TestAdvancedDatabaseOperations" name="test_subquery_operations" time="0.000"><skipped type="pytest.skip" message="必要な環境変数が設定されていません: ['AZURITE_CONNECTION_STRING']">/app/tests/e2e/test_advanced_database_operations.py:91: 必要な環境変数が設定されていません: ['AZURITE_CONNECTION_STRING']</skipped></testcase><testcase classname="tests.e2e.test_advanced_database_operations.TestAdvancedDatabaseOperations" name="test_window_functions" time="0.000"><skipped type="pytest.skip" message="必要な環境変数が設定されていません: ['AZURITE_CONNECTION_STRING']">/app/tests/e2e/test_advanced_database_operations.py:125: 必要な環境変数が設定されていません: ['AZURITE_CONNECTION_STRING']</skipped></testcase><testcase classname="tests.e2e.test_advanced_database_operations.TestAdvancedDatabaseOperations" name="test_transaction_rollback_scenario" time="0.001"><skipped type="pytest.skip" message="必要な環境変数が設定されていません: ['AZURITE_CONNECTION_STRING']">/app/tests/e2e/test_advanced_database_operations.py:163: 必要な環境変数が設定されていません: ['AZURITE_CONNECTION_STRING']</skipped></testcase><testcase classname="tests.e2e.test_advanced_database_operations.TestAdvancedDatabaseOperations" name="test_date_time_operations" time="0.000"><skipped type="pytest.skip" message="必要な環境変数が設定されていません: ['AZURITE_CONNECTION_STRING']">/app/tests/e2e/test_advanced_database_operations.py:204: 必要な環境変数が設定されていません: ['AZURITE_CONNECTION_STRING']</skipped></testcase><testcase classname="tests.e2e.test_advanced_database_operations.TestAdvancedDatabaseOperations" name="test_string_manipulation_operations" time="0.000"><skipped type="pytest.skip" message="必要な環境変数が設定されていません: ['AZURITE_CONNECTION_STRING']">/app/tests/e2e/test_advanced_database_operations.py:232: 必要な環境変数が設定されていません: ['AZURITE_CONNECTION_STRING']</skipped></testcase><testcase classname="tests.e2e.test_advanced_database_operations.TestAdvancedDatabaseOperations" name="test_conditional_logic_operations" time="0.000"><skipped type="pytest.skip" message="必要な環境変数が設定されていません: ['AZURITE_CONNECTION_STRING']">/app/tests/e2e/test_advanced_database_operations.py:260: 必要な環境変数が設定されていません: ['AZURITE_CONNECTION_STRING']</skipped></testcase><testcase classname="tests.e2e.test_advanced_database_operations.TestAdvancedDatabaseOperations" name="test_null_handling_operations" time="0.000"><skipped type="pytest.skip" message="必要な環境変数が設定されていません: ['AZURITE_CONNECTION_STRING']">/app/tests/e2e/test_advanced_database_operations.py:303: 必要な環境変数が設定されていません: ['AZURITE_CONNECTION_STRING']</skipped></testcase><testcase classname="tests.e2e.test_advanced_database_operations.TestAdvancedDatabaseOperations" name="test_performance_large_dataset" time="0.001"><skipped type="pytest.skip" message="必要な環境変数が設定されていません: ['AZURITE_CONNECTION_STRING']">/app/tests/e2e/test_advanced_database_operations.py:327: 必要な環境変数が設定されていません: ['AZURITE_CONNECTION_STRING']</skipped></testcase><testcase classname="tests.e2e.test_basic_connections" name="test_database_connection" time="0.000"><skipped type="pytest.skip" message="必要な環境変数が設定されていません: ['AZURITE_CONNECTION_STRING']">/app/tests/e2e/test_basic_connections.py:40: 必要な環境変数が設定されていません: ['AZURITE_CONNECTION_STRING']</skipped></testcase><testcase classname="tests.e2e.test_basic_connections" name="test_ir_simulator_connection" time="0.000"><skipped type="pytest.skip" message="必要な環境変数が設定されていません: ['AZURITE_CONNECTION_STRING']">/app/tests/e2e/test_basic_connections.py:142: 必要な環境変数が設定されていません: ['AZURITE_CONNECTION_STRING']</skipped></testcase><testcase classname="tests.e2e.test_basic_connections" name="test_azurite_connection" time="0.001"><skipped type="pytest.skip" message="必要な環境変数が設定されていません: ['AZURITE_CONNECTION_STRING']">/app/tests/e2e/test_basic_connections.py:208: 必要な環境変数が設定されていません: ['AZURITE_CONNECTION_STRING']</skipped></testcase><testcase classname="tests.e2e.test_basic_connections" name="test_database_tables_and_data" time="0.000"><skipped type="pytest.skip" message="必要な環境変数が設定されていません: ['AZURITE_CONNECTION_STRING']">/app/tests/e2e/test_basic_connections.py:274: 必要な環境変数が設定されていません: ['AZURITE_CONNECTION_STRING']</skipped></testcase><testcase classname="tests.e2e.test_basic_connections" name="test_all_services_integration" time="0.000"><skipped type="pytest.skip" message="必要な環境変数が設定されていません: ['AZURITE_CONNECTION_STRING']">/app/tests/e2e/test_basic_connections.py:355: 必要な環境変数が設定されていません: ['AZURITE_CONNECTION_STRING']</skipped></testcase><testcase classname="tests.e2e.test_basic_database_operations.TestBasicDatabaseOperations" name="test_database_connection_basic" time="0.060"><skipped type="pytest.skip" message="必要な環境変数が設定されていません: ['AZURITE_CONNECTION_STRING']">/app/tests/e2e/test_basic_database_operations.py:30: 必要な環境変数が設定されていません: ['AZURITE_CONNECTION_STRING']</skipped></testcase><testcase classname="tests.e2e.test_basic_database_operations.TestBasicDatabaseOperations" name="test_table_count_validation" time="0.000"><skipped type="pytest.skip" message="必要な環境変数が設定されていません: ['AZURITE_CONNECTION_STRING']">/app/tests/e2e/test_basic_database_operations.py:36: 必要な環境変数が設定されていません: ['AZURITE_CONNECTION_STRING']</skipped></testcase><testcase classname="tests.e2e.test_basic_database_operations.TestBasicDatabaseOperations" name="test_client_dm_table_structure" time="0.000"><skipped type="pytest.skip" message="必要な環境変数が設定されていません: ['AZURITE_CONNECTION_STRING']">/app/tests/e2e/test_basic_database_operations.py:46: 必要な環境変数が設定されていません: ['AZURITE_CONNECTION_STRING']</skipped></testcase><testcase classname="tests.e2e.test_basic_database_operations.TestBasicDatabaseOperations" name="test_point_grant_email_table_structure" time="0.000"><skipped type="pytest.skip" message="必要な環境変数が設定されていません: ['AZURITE_CONNECTION_STRING']">/app/tests/e2e/test_basic_database_operations.py:61: 必要な環境変数が設定されていません: ['AZURITE_CONNECTION_STRING']</skipped></testcase><testcase classname="tests.e2e.test_basic_database_operations.TestBasicDatabaseOperations" name="test_marketing_client_dm_table_structure" time="0.001"><skipped type="pytest.skip" message="必要な環境変数が設定されていません: ['AZURITE_CONNECTION_STRING']">/app/tests/e2e/test_basic_database_operations.py:77: 必要な環境変数が設定されていません: ['AZURITE_CONNECTION_STRING']</skipped></testcase><testcase classname="tests.e2e.test_basic_database_operations.TestBasicDatabaseOperations" name="test_data_insertion_basic" time="0.000"><skipped type="pytest.skip" message="必要な環境変数が設定されていません: ['AZURITE_CONNECTION_STRING']">/app/tests/e2e/test_basic_database_operations.py:93: 必要な環境変数が設定されていません: ['AZURITE_CONNECTION_STRING']</skipped></testcase><testcase classname="tests.e2e.test_basic_database_operations.TestBasicDatabaseOperations" name="test_database_performance_basic" time="0.000"><skipped type="pytest.skip" message="必要な環境変数が設定されていません: ['AZURITE_CONNECTION_STRING']">/app/tests/e2e/test_basic_database_operations.py:136: 必要な環境変数が設定されていません: ['AZURITE_CONNECTION_STRING']</skipped></testcase><testcase classname="tests.e2e.test_basic_database_operations.TestBasicDatabaseOperations" name="test_table_relationships_basic" time="0.001"><skipped type="pytest.skip" message="必要な環境変数が設定されていません: ['AZURITE_CONNECTION_STRING']">/app/tests/e2e/test_basic_database_operations.py:149: 必要な環境変数が設定されていません: ['AZURITE_CONNECTION_STRING']</skipped></testcase><testcase classname="tests.e2e.test_basic_database_operations.TestBasicDatabaseOperations" name="test_schema_validation_basic" time="0.001"><skipped type="pytest.skip" message="必要な環境変数が設定されていません: ['AZURITE_CONNECTION_STRING']">/app/tests/e2e/test_basic_database_operations.py:167: 必要な環境変数が設定されていません: ['AZURITE_CONNECTION_STRING']</skipped></testcase><testcase classname="tests.e2e.test_data_quality_and_security.TestDataQualityAndSecurity" name="test_data_integrity_validation" time="0.186"><skipped type="pytest.skip" message="必要な環境変数が設定されていません: ['AZURITE_CONNECTION_STRING']">/app/tests/e2e/test_data_quality_and_security.py:36: 必要な環境変数が設定されていません: ['AZURITE_CONNECTION_STRING']</skipped></testcase><testcase classname="tests.e2e.test_data_quality_and_security.TestDataQualityAndSecurity" name="test_duplicate_detection_and_handling" time="0.001"><skipped type="pytest.skip" message="必要な環境変数が設定されていません: ['AZURITE_CONNECTION_STRING']">/app/tests/e2e/test_data_quality_and_security.py:86: 必要な環境変数が設定されていません: ['AZURITE_CONNECTION_STRING']</skipped></testcase><testcase classname="tests.e2e.test_data_quality_and_security.TestDataQualityAndSecurity" name="test_data_encryption_and_masking" time="0.001"><skipped type="pytest.skip" message="必要な環境変数が設定されていません: ['AZURITE_CONNECTION_STRING']">/app/tests/e2e/test_data_quality_and_security.py:125: 必要な環境変数が設定されていません: ['AZURITE_CONNECTION_STRING']</skipped></testcase><testcase classname="tests.e2e.test_data_quality_and_security.TestDataQualityAndSecurity" name="test_access_control_validation" time="0.000"><skipped type="pytest.skip" message="必要な環境変数が設定されていません: ['AZURITE_CONNECTION_STRING']">/app/tests/e2e/test_data_quality_and_security.py:168: 必要な環境変数が設定されていません: ['AZURITE_CONNECTION_STRING']</skipped></testcase><testcase classname="tests.e2e.test_data_quality_and_security.TestDataQualityAndSecurity" name="test_data_lineage_tracking" time="0.000"><skipped type="pytest.skip" message="必要な環境変数が設定されていません: ['AZURITE_CONNECTION_STRING']">/app/tests/e2e/test_data_quality_and_security.py:205: 必要な環境変数が設定されていません: ['AZURITE_CONNECTION_STRING']</skipped></testcase><testcase classname="tests.e2e.test_data_quality_and_security.TestDataQualityAndSecurity" name="test_audit_trail_generation" time="0.000"><skipped type="pytest.skip" message="必要な環境変数が設定されていません: ['AZURITE_CONNECTION_STRING']">/app/tests/e2e/test_data_quality_and_security.py:256: 必要な環境変数が設定されていません: ['AZURITE_CONNECTION_STRING']</skipped></testcase><testcase classname="tests.e2e.test_data_quality_and_security.TestDataQualityAndSecurity" name="test_data_retention_policy_compliance" time="0.000"><skipped type="pytest.skip" message="必要な環境変数が設定されていません: ['AZURITE_CONNECTION_STRING']">/app/tests/e2e/test_data_quality_and_security.py:297: 必要な環境変数が設定されていません: ['AZURITE_CONNECTION_STRING']</skipped></testcase><testcase classname="tests.e2e.test_data_quality_and_security.TestDataQualityAndSecurity" name="test_sensitive_data_detection" time="0.000"><skipped type="pytest.skip" message="必要な環境変数が設定されていません: ['AZURITE_CONNECTION_STRING']">/app/tests/e2e/test_data_quality_and_security.py:334: 必要な環境変数が設定されていません: ['AZURITE_CONNECTION_STRING']</skipped></testcase><testcase classname="tests.e2e.test_data_quality_and_security.TestDataQualityAndSecurity" name="test_data_quality_scoring" time="0.001"><skipped type="pytest.skip" message="必要な環境変数が設定されていません: ['AZURITE_CONNECTION_STRING']">/app/tests/e2e/test_data_quality_and_security.py:378: 必要な環境変数が設定されていません: ['AZURITE_CONNECTION_STRING']</skipped></testcase><testcase classname="tests.e2e.test_data_quality_operations.TestDataQualityOperations" name="test_null_value_validation" time="0.061"><skipped type="pytest.skip" message="必要な環境変数が設定されていません: ['AZURITE_CONNECTION_STRING']">/app/tests/e2e/test_data_quality_operations.py:29: 必要な環境変数が設定されていません: ['AZURITE_CONNECTION_STRING']</skipped></testcase><testcase classname="tests.e2e.test_data_quality_operations.TestDataQualityOperations" name="test_data_type_validation" time="0.000"><skipped type="pytest.skip" message="必要な環境変数が設定されていません: ['AZURITE_CONNECTION_STRING']">/app/tests/e2e/test_data_quality_operations.py:48: 必要な環境変数が設定されていません: ['AZURITE_CONNECTION_STRING']</skipped></testcase><testcase classname="tests.e2e.test_data_quality_operations.TestDataQualityOperations" name="test_duplicate_detection" time="0.000"><skipped type="pytest.skip" message="必要な環境変数が設定されていません: ['AZURITE_CONNECTION_STRING']">/app/tests/e2e/test_data_quality_operations.py:72: 必要な環境変数が設定されていません: ['AZURITE_CONNECTION_STRING']</skipped></testcase><testcase classname="tests.e2e.test_data_quality_operations.TestDataQualityOperations" name="test_date_range_validation" time="0.000"><skipped type="pytest.skip" message="必要な環境変数が設定されていません: ['AZURITE_CONNECTION_STRING']">/app/tests/e2e/test_data_quality_operations.py:90: 必要な環境変数が設定されていません: ['AZURITE_CONNECTION_STRING']</skipped></testcase><testcase classname="tests.e2e.test_data_quality_operations.TestDataQualityOperations" name="test_numeric_range_validation" time="0.000"><skipped type="pytest.skip" message="必要な環境変数が設定されていません: ['AZURITE_CONNECTION_STRING']">/app/tests/e2e/test_data_quality_operations.py:110: 必要な環境変数が設定されていません: ['AZURITE_CONNECTION_STRING']</skipped></testcase><testcase classname="tests.e2e.test_data_quality_operations.TestDataQualityOperations" name="test_string_length_validation" time="0.000"><skipped type="pytest.skip" message="必要な環境変数が設定されていません: ['AZURITE_CONNECTION_STRING']">/app/tests/e2e/test_data_quality_operations.py:131: 必要な環境変数が設定されていません: ['AZURITE_CONNECTION_STRING']</skipped></testcase><testcase classname="tests.e2e.test_data_quality_operations.TestDataQualityOperations" name="test_referential_integrity_basic" time="0.000"><skipped type="pytest.skip" message="必要な環境変数が設定されていません: ['AZURITE_CONNECTION_STRING']">/app/tests/e2e/test_data_quality_operations.py:150: 必要な環境変数が設定されていません: ['AZURITE_CONNECTION_STRING']</skipped></testcase><testcase classname="tests.e2e.test_data_quality_operations.TestDataQualityOperations" name="test_email_format_validation" time="0.000"><skipped type="pytest.skip" message="必要な環境変数が設定されていません: ['AZURITE_CONNECTION_STRING']">/app/tests/e2e/test_data_quality_operations.py:168: 必要な環境変数が設定されていません: ['AZURITE_CONNECTION_STRING']</skipped></testcase><testcase classname="tests.e2e.test_data_quality_operations.TestDataQualityOperations" name="test_status_value_validation" time="0.000"><skipped type="pytest.skip" message="必要な環境変数が設定されていません: ['AZURITE_CONNECTION_STRING']">/app/tests/e2e/test_data_quality_operations.py:187: 必要な環境変数が設定されていません: ['AZURITE_CONNECTION_STRING']</skipped></testcase><testcase classname="tests.e2e.test_data_quality_operations.TestDataQualityOperations" name="test_data_freshness_validation" time="0.001"><skipped type="pytest.skip" message="必要な環境変数が設定されていません: ['AZURITE_CONNECTION_STRING']">/app/tests/e2e/test_data_quality_operations.py:204: 必要な環境変数が設定されていません: ['AZURITE_CONNECTION_STRING']</skipped></testcase><testcase classname="tests.e2e.test_e2e_adf_data_quality_security.TestE2EADFDataQualitySecurity" name="test_data_quality_validation" time="0.209"><skipped type="pytest.skip" message="必要な環境変数が設定されていません: ['AZURITE_CONNECTION_STRING']">/app/tests/e2e/test_e2e_adf_data_quality_security.py:26: 必要な環境変数が設定されていません: ['AZURITE_CONNECTION_STRING']</skipped></testcase><testcase classname="tests.e2e.test_e2e_adf_data_quality_security.TestE2EADFDataQualitySecurity" name="test_data_encryption_validation" time="0.000"><skipped type="pytest.skip" message="必要な環境変数が設定されていません: ['AZURITE_CONNECTION_STRING']">/app/tests/e2e/test_e2e_adf_data_quality_security.py:68: 必要な環境変数が設定されていません: ['AZURITE_CONNECTION_STRING']</skipped></testcase><testcase classname="tests.e2e.test_e2e_adf_data_quality_security.TestE2EADFDataQualitySecurity" name="test_audit_logging" time="0.000"><skipped type="pytest.skip" message="必要な環境変数が設定されていません: ['AZURITE_CONNECTION_STRING']">/app/tests/e2e/test_e2e_adf_data_quality_security.py:97: 必要な環境変数が設定されていません: ['AZURITE_CONNECTION_STRING']</skipped></testcase><testcase classname="tests.e2e.test_e2e_adf_data_quality_security.TestE2EADFDataQualitySecurity" name="test_compliance_validation" time="0.000"><skipped type="pytest.skip" message="必要な環境変数が設定されていません: ['AZURITE_CONNECTION_STRING']">/app/tests/e2e/test_e2e_adf_data_quality_security.py:124: 必要な環境変数が設定されていません: ['AZURITE_CONNECTION_STRING']</skipped></testcase><testcase classname="tests.e2e.test_e2e_adf_data_quality_security.TestE2EADFDataQualitySecurity" name="test_data_masking" time="0.001"><skipped type="pytest.skip" message="必要な環境変数が設定されていません: ['AZURITE_CONNECTION_STRING']">/app/tests/e2e/test_e2e_adf_data_quality_security.py:142: 必要な環境変数が設定されていません: ['AZURITE_CONNECTION_STRING']</skipped></testcase><testcase classname="tests.e2e.test_e2e_adf_data_quality_security_refactored.TestADFDataQualityRefactored" name="test_e2e_data_validation_rules_refactored" time="0.200"><skipped type="pytest.skip" message="必要な環境変数が設定されていません: ['AZURITE_CONNECTION_STRING']">/app/tests/e2e/test_e2e_adf_data_quality_security_refactored.py:64: 必要な環境変数が設定されていません: ['AZURITE_CONNECTION_STRING']</skipped></testcase><testcase classname="tests.e2e.test_e2e_adf_data_quality_security_refactored.TestADFDataQualityRefactored" name="test_e2e_data_lineage_tracking_refactored" time="0.000"><skipped type="pytest.skip" message="必要な環境変数が設定されていません: ['AZURITE_CONNECTION_STRING']">/app/tests/e2e/test_e2e_adf_data_quality_security_refactored.py:111: 必要な環境変数が設定されていません: ['AZURITE_CONNECTION_STRING']</skipped></testcase><testcase classname="tests.e2e.test_e2e_adf_data_quality_security_refactored.TestADFDataQualityRefactored" name="test_e2e_data_profiling_analysis_refactored" time="0.001"><skipped type="pytest.skip" message="必要な環境変数が設定されていません: ['AZURITE_CONNECTION_STRING']">/app/tests/e2e/test_e2e_adf_data_quality_security_refactored.py:142: 必要な環境変数が設定されていません: ['AZURITE_CONNECTION_STRING']</skipped></testcase><testcase classname="tests.e2e.test_e2e_adf_data_quality_security_refactored.TestADFSecurityRefactored" name="test_e2e_access_control_validation_refactored" time="0.000"><skipped type="pytest.skip" message="必要な環境変数が設定されていません: ['AZURITE_CONNECTION_STRING']">/app/tests/e2e/test_e2e_adf_data_quality_security_refactored.py:269: 必要な環境変数が設定されていません: ['AZURITE_CONNECTION_STRING']</skipped></testcase><testcase classname="tests.e2e.test_e2e_adf_data_quality_security_refactored.TestADFSecurityRefactored" name="test_e2e_audit_logging_compliance_refactored" time="0.000"><skipped type="pytest.skip" message="必要な環境変数が設定されていません: ['AZURITE_CONNECTION_STRING']">/app/tests/e2e/test_e2e_adf_data_quality_security_refactored.py:335: 必要な環境変数が設定されていません: ['AZURITE_CONNECTION_STRING']</skipped></testcase><testcase classname="tests.e2e.test_e2e_adf_data_quality_security_refactored.TestADFSecurityRefactored" name="test_e2e_data_encryption_verification_refactored" time="0.000"><skipped type="pytest.skip" message="必要な環境変数が設定されていません: ['AZURITE_CONNECTION_STRING']">/app/tests/e2e/test_e2e_adf_data_quality_security_refactored.py:409: 必要な環境変数が設定されていません: ['AZURITE_CONNECTION_STRING']</skipped></testcase><testcase classname="tests.e2e.test_e2e_adf_pipeline_execution.TestADFPipelineExecution" name="test_e2e_client_dm_bx_pipeline_data_flow" time="0.238"><skipped type="pytest.skip" message="必要な環境変数が設定されていません: ['AZURITE_CONNECTION_STRING']">/app/tests/e2e/test_e2e_adf_pipeline_execution.py:59: 必要な環境変数が設定されていません: ['AZURITE_CONNECTION_STRING']</skipped></testcase><testcase classname="tests.e2e.test_e2e_adf_pipeline_execution.TestADFPipelineExecution" name="test_e2e_point_grant_email_pipeline_flow" time="0.001"><skipped type="pytest.skip" message="必要な環境変数が設定されていません: ['AZURITE_CONNECTION_STRING']">/app/tests/e2e/test_e2e_adf_pipeline_execution.py:108: 必要な環境変数が設定されていません: ['AZURITE_CONNECTION_STRING']</skipped></testcase><testcase classname="tests.e2e.test_e2e_adf_pipeline_execution.TestADFPipelineExecution" name="test_e2e_pipeline_error_handling" time="0.001"><skipped type="pytest.skip" message="必要な環境変数が設定されていません: ['AZURITE_CONNECTION_STRING']">/app/tests/e2e/test_e2e_adf_pipeline_execution.py:156: 必要な環境変数が設定されていません: ['AZURITE_CONNECTION_STRING']</skipped></testcase><testcase classname="tests.e2e.test_e2e_adf_pipeline_execution.TestADFPipelineExecution" name="test_e2e_pipeline_performance_monitoring" time="0.001"><skipped type="pytest.skip" message="必要な環境変数が設定されていません: ['AZURITE_CONNECTION_STRING']">/app/tests/e2e/test_e2e_adf_pipeline_execution.py:194: 必要な環境変数が設定されていません: ['AZURITE_CONNECTION_STRING']</skipped></testcase><testcase classname="tests.e2e.test_e2e_adf_pipeline_execution.TestADFPipelineIntegration" name="test_e2e_multiple_pipeline_coordination" time="0.001"><skipped type="pytest.skip" message="必要な環境変数が設定されていません: ['AZURITE_CONNECTION_STRING']">/app/tests/e2e/test_e2e_adf_pipeline_execution.py:405: 必要な環境変数が設定されていません: ['AZURITE_CONNECTION_STRING']</skipped></testcase><testcase classname="tests.e2e.test_e2e_adf_pipeline_execution.TestADFPipelineIntegration" name="test_e2e_pipeline_dependency_validation" time="0.001"><skipped type="pytest.skip" message="必要な環境変数が設定されていません: ['AZURITE_CONNECTION_STRING']">/app/tests/e2e/test_e2e_adf_pipeline_execution.py:434: 必要な環境変数が設定されていません: ['AZURITE_CONNECTION_STRING']</skipped></testcase><testcase classname="tests.e2e.test_e2e_adf_pipeline_monitoring.TestADFPipelineMonitoring" name="test_e2e_pipeline_execution_status_tracking" time="0.222"><skipped type="pytest.skip" message="必要な環境変数が設定されていません: ['AZURITE_CONNECTION_STRING']">/app/tests/e2e/test_e2e_adf_pipeline_monitoring.py:52: 必要な環境変数が設定されていません: ['AZURITE_CONNECTION_STRING']</skipped></testcase><testcase classname="tests.e2e.test_e2e_adf_pipeline_monitoring.TestADFPipelineMonitoring" name="test_e2e_pipeline_retry_mechanism" time="0.000"><skipped type="pytest.skip" message="必要な環境変数が設定されていません: ['AZURITE_CONNECTION_STRING']">/app/tests/e2e/test_e2e_adf_pipeline_monitoring.py:123: 必要な環境変数が設定されていません: ['AZURITE_CONNECTION_STRING']</skipped></testcase><testcase classname="tests.e2e.test_e2e_adf_pipeline_monitoring.TestADFPipelineMonitoring" name="test_e2e_pipeline_timeout_handling" time="0.000"><skipped type="pytest.skip" message="必要な環境変数が設定されていません: ['AZURITE_CONNECTION_STRING']">/app/tests/e2e/test_e2e_adf_pipeline_monitoring.py:214: 必要な環境変数が設定されていません: ['AZURITE_CONNECTION_STRING']</skipped></testcase><testcase classname="tests.e2e.test_e2e_adf_pipeline_monitoring.TestADFPipelineMonitoring" name="test_e2e_pipeline_resource_monitoring" time="0.001"><skipped type="pytest.skip" message="必要な環境変数が設定されていません: ['AZURITE_CONNECTION_STRING']">/app/tests/e2e/test_e2e_adf_pipeline_monitoring.py:273: 必要な環境変数が設定されていません: ['AZURITE_CONNECTION_STRING']</skipped></testcase><testcase classname="tests.e2e.test_e2e_adf_pipeline_monitoring.TestADFPipelineScheduling" name="test_e2e_schedule_trigger_validation" time="0.001"><skipped type="pytest.skip" message="必要な環境変数が設定されていません: ['AZURITE_CONNECTION_STRING']">/app/tests/e2e/test_e2e_adf_pipeline_monitoring.py:480: 必要な環境変数が設定されていません: ['AZURITE_CONNECTION_STRING']</skipped></testcase><testcase classname="tests.e2e.test_e2e_adf_pipeline_monitoring.TestADFPipelineScheduling" name="test_e2e_trigger_dependency_chain" time="0.000"><skipped type="pytest.skip" message="必要な環境変数が設定されていません: ['AZURITE_CONNECTION_STRING']">/app/tests/e2e/test_e2e_adf_pipeline_monitoring.py:563: 必要な環境変数が設定されていません: ['AZURITE_CONNECTION_STRING']</skipped></testcase><testcase classname="tests.e2e.test_e2e_adf_pipeline_monitoring.TestADFPipelineScheduling" name="test_e2e_conditional_trigger_logic" time="0.001"><skipped type="pytest.skip" message="必要な環境変数が設定されていません: ['AZURITE_CONNECTION_STRING']">/app/tests/e2e/test_e2e_adf_pipeline_monitoring.py:620: 必要な環境変数が設定されていません: ['AZURITE_CONNECTION_STRING']</skipped></testcase><testcase classname="tests.e2e.test_marketing_pipeline_operations.TestMarketingPipelineOperations" name="test_customer_segmentation_analysis" time="0.213"><skipped type="pytest.skip" message="必要な環境変数が設定されていません: ['AZURITE_CONNECTION_STRING']">/app/tests/e2e/test_marketing_pipeline_operations.py:35: 必要な環境変数が設定されていません: ['AZURITE_CONNECTION_STRING']</skipped></testcase><testcase classname="tests.e2e.test_marketing_pipeline_operations.TestMarketingPipelineOperations" name="test_campaign_performance_tracking" time="0.000"><skipped type="pytest.skip" message="必要な環境変数が設定されていません: ['AZURITE_CONNECTION_STRING']">/app/tests/e2e/test_marketing_pipeline_operations.py:65: 必要な環境変数が設定されていません: ['AZURITE_CONNECTION_STRING']</skipped></testcase><testcase classname="tests.e2e.test_marketing_pipeline_operations.TestMarketingPipelineOperations" name="test_customer_engagement_scoring" time="0.001"><skipped type="pytest.skip" message="必要な環境変数が設定されていません: ['AZURITE_CONNECTION_STRING']">/app/tests/e2e/test_marketing_pipeline_operations.py:97: 必要な環境変数が設定されていません: ['AZURITE_CONNECTION_STRING']</skipped></testcase><testcase classname="tests.e2e.test_marketing_pipeline_operations.TestMarketingPipelineOperations" name="test_email_deliverability_analysis" time="0.000"><skipped type="pytest.skip" message="必要な環境変数が設定されていません: ['AZURITE_CONNECTION_STRING']">/app/tests/e2e/test_marketing_pipeline_operations.py:132: 必要な環境変数が設定されていません: ['AZURITE_CONNECTION_STRING']</skipped></testcase><testcase classname="tests.e2e.test_marketing_pipeline_operations.TestMarketingPipelineOperations" name="test_customer_lifetime_value_calculation" time="0.000"><skipped type="pytest.skip" message="必要な環境変数が設定されていません: ['AZURITE_CONNECTION_STRING']">/app/tests/e2e/test_marketing_pipeline_operations.py:161: 必要な環境変数が設定されていません: ['AZURITE_CONNECTION_STRING']</skipped></testcase><testcase classname="tests.e2e.test_marketing_pipeline_operations.TestMarketingPipelineOperations" name="test_churn_risk_assessment" time="0.000"><skipped type="pytest.skip" message="必要な環境変数が設定されていません: ['AZURITE_CONNECTION_STRING']">/app/tests/e2e/test_marketing_pipeline_operations.py:199: 必要な環境変数が設定されていません: ['AZURITE_CONNECTION_STRING']</skipped></testcase><testcase classname="tests.e2e.test_marketing_pipeline_operations.TestMarketingPipelineOperations" name="test_marketing_roi_calculation" time="0.001"><skipped type="pytest.skip" message="必要な環境変数が設定されていません: ['AZURITE_CONNECTION_STRING']">/app/tests/e2e/test_marketing_pipeline_operations.py:239: 必要な環境変数が設定されていません: ['AZURITE_CONNECTION_STRING']</skipped></testcase><testcase classname="tests.e2e.test_marketing_pipeline_operations.TestMarketingPipelineOperations" name="test_cross_sell_opportunity_identification" time="0.001"><skipped type="pytest.skip" message="必要な環境変数が設定されていません: ['AZURITE_CONNECTION_STRING']">/app/tests/e2e/test_marketing_pipeline_operations.py:275: 必要な環境変数が設定されていません: ['AZURITE_CONNECTION_STRING']</skipped></testcase><testcase classname="tests.e2e.test_marketing_pipeline_operations.TestMarketingPipelineOperations" name="test_a_b_test_performance_comparison" time="0.000"><skipped type="pytest.skip" message="必要な環境変数が設定されていません: ['AZURITE_CONNECTION_STRING']">/app/tests/e2e/test_marketing_pipeline_operations.py:310: 必要な環境変数が設定されていません: ['AZURITE_CONNECTION_STRING']</skipped></testcase><testcase classname="tests.e2e.test_marketing_pipeline_operations.TestMarketingPipelineOperations" name="test_customer_journey_mapping" time="0.001"><skipped type="pytest.skip" message="必要な環境変数が設定されていません: ['AZURITE_CONNECTION_STRING']">/app/tests/e2e/test_marketing_pipeline_operations.py:349: 必要な環境変数が設定されていません: ['AZURITE_CONNECTION_STRING']</skipped></testcase><testcase classname="tests.e2e.test_simple_pipeline_operations.TestSimplePipelineOperations" name="test_simple_data_transfer" time="0.060"><skipped type="pytest.skip" message="必要な環境変数が設定されていません: ['AZURITE_CONNECTION_STRING']">/app/tests/e2e/test_simple_pipeline_operations.py:30: 必要な環境変数が設定されていません: ['AZURITE_CONNECTION_STRING']</skipped></testcase><testcase classname="tests.e2e.test_simple_pipeline_operations.TestSimplePipelineOperations" name="test_pipeline_simulation_basic" time="0.001"><skipped type="pytest.skip" message="必要な環境変数が設定されていません: ['AZURITE_CONNECTION_STRING']">/app/tests/e2e/test_simple_pipeline_operations.py:41: 必要な環境変数が設定されていません: ['AZURITE_CONNECTION_STRING']</skipped></testcase><testcase classname="tests.e2e.test_simple_pipeline_operations.TestSimplePipelineOperations" name="test_data_validation_simple" time="0.000"><skipped type="pytest.skip" message="必要な環境変数が設定されていません: ['AZURITE_CONNECTION_STRING']">/app/tests/e2e/test_simple_pipeline_operations.py:56: 必要な環境変数が設定されていません: ['AZURITE_CONNECTION_STRING']</skipped></testcase><testcase classname="tests.e2e.test_simple_pipeline_operations.TestSimplePipelineOperations" name="test_table_accessibility" time="0.000"><skipped type="pytest.skip" message="必要な環境変数が設定されていません: ['AZURITE_CONNECTION_STRING']">/app/tests/e2e/test_simple_pipeline_operations.py:68: 必要な環境変数が設定されていません: ['AZURITE_CONNECTION_STRING']</skipped></testcase><testcase classname="tests.e2e.test_simple_pipeline_operations.TestSimplePipelineOperations" name="test_data_consistency_basic" time="0.000"><skipped type="pytest.skip" message="必要な環境変数が設定されていません: ['AZURITE_CONNECTION_STRING']">/app/tests/e2e/test_simple_pipeline_operations.py:83: 必要な環境変数が設定されていません: ['AZURITE_CONNECTION_STRING']</skipped></testcase><testcase classname="tests.e2e.test_simple_pipeline_operations.TestSimplePipelineOperations" name="test_timestamp_validation_basic" time="0.000"><skipped type="pytest.skip" message="必要な環境変数が設定されていません: ['AZURITE_CONNECTION_STRING']">/app/tests/e2e/test_simple_pipeline_operations.py:102: 必要な環境変数が設定されていません: ['AZURITE_CONNECTION_STRING']</skipped></testcase><testcase classname="tests.e2e.test_simple_pipeline_operations.TestSimplePipelineOperations" name="test_error_handling_simulation" time="0.000"><skipped type="pytest.skip" message="必要な環境変数が設定されていません: ['AZURITE_CONNECTION_STRING']">/app/tests/e2e/test_simple_pipeline_operations.py:119: 必要な環境変数が設定されていません: ['AZURITE_CONNECTION_STRING']</skipped></testcase><testcase classname="tests.e2e.test_simple_pipeline_operations.TestSimplePipelineOperations" name="test_connection_resilience" time="0.001"><skipped type="pytest.skip" message="必要な環境変数が設定されていません: ['AZURITE_CONNECTION_STRING']">/app/tests/e2e/test_simple_pipeline_operations.py:132: 必要な環境変数が設定されていません: ['AZURITE_CONNECTION_STRING']</skipped></testcase><testcase classname="tests.e2e.test_simple_pipeline_operations.TestSimplePipelineOperations" name="test_batch_operation_simulation" time="0.000"><skipped type="pytest.skip" message="必要な環境変数が設定されていません: ['AZURITE_CONNECTION_STRING']">/app/tests/e2e/test_simple_pipeline_operations.py:142: 必要な環境変数が設定されていません: ['AZURITE_CONNECTION_STRING']</skipped></testcase><testcase classname="tests.e2e.test_simple_pipeline_operations.TestSimplePipelineOperations" name="test_concurrent_access_simulation" time="0.012"><skipped type="pytest.skip" message="必要な環境変数が設定されていません: ['AZURITE_CONNECTION_STRING']">/app/tests/e2e/test_simple_pipeline_operations.py:154: 必要な環境変数が設定されていません: ['AZURITE_CONNECTION_STRING']</skipped></testcase></testsuite></testsuites>