<?xml version="1.0" encoding="utf-8"?><testsuites><testsuite name="pytest" errors="458" failures="21" skipped="200" tests="695" time="1090.875" timestamp="2025-07-06T13:48:20.525531" hostname="b4118e2713d1"><testcase classname="tests.e2e.test_advanced_business_logic.TestAdvancedBusinessLogic" name="test_business_rule_scenario_001" time="56.560"><error message="failed on setup with &quot;RuntimeError: Database initialization failed&quot;">tests/e2e/test_advanced_business_logic.py:24: in setUpClass
    setup_reproducible_test_class()
tests/helpers/reproducible_e2e_helper.py:263: in setup_reproducible_test_class
    reproducible_helper.setup_test_class()
tests/helpers/reproducible_e2e_helper.py:178: in setup_test_class
    raise RuntimeError("Database initialization failed")
E   RuntimeError: Database initialization failed</error></testcase><testcase classname="tests.e2e.test_advanced_business_logic.TestAdvancedBusinessLogic" name="test_business_rule_scenario_002" time="0.000"><error message="failed on setup with &quot;RuntimeError: Database initialization failed&quot;">tests/e2e/test_advanced_business_logic.py:24: in setUpClass
    setup_reproducible_test_class()
tests/helpers/reproducible_e2e_helper.py:263: in setup_reproducible_test_class
    reproducible_helper.setup_test_class()
tests/helpers/reproducible_e2e_helper.py:178: in setup_test_class
    raise RuntimeError("Database initialization failed")
E   RuntimeError: Database initialization failed</error></testcase><testcase classname="tests.e2e.test_advanced_business_logic.TestAdvancedBusinessLogic" name="test_business_rule_scenario_003" time="0.000"><error message="failed on setup with &quot;RuntimeError: Database initialization failed&quot;">tests/e2e/test_advanced_business_logic.py:24: in setUpClass
    setup_reproducible_test_class()
tests/helpers/reproducible_e2e_helper.py:263: in setup_reproducible_test_class
    reproducible_helper.setup_test_class()
tests/helpers/reproducible_e2e_helper.py:178: in setup_test_class
    raise RuntimeError("Database initialization failed")
E   RuntimeError: Database initialization failed</error></testcase><testcase classname="tests.e2e.test_advanced_business_logic.TestAdvancedBusinessLogic" name="test_business_rule_scenario_004" time="0.000"><error message="failed on setup with &quot;RuntimeError: Database initialization failed&quot;">tests/e2e/test_advanced_business_logic.py:24: in setUpClass
    setup_reproducible_test_class()
tests/helpers/reproducible_e2e_helper.py:263: in setup_reproducible_test_class
    reproducible_helper.setup_test_class()
tests/helpers/reproducible_e2e_helper.py:178: in setup_test_class
    raise RuntimeError("Database initialization failed")
E   RuntimeError: Database initialization failed</error></testcase><testcase classname="tests.e2e.test_advanced_business_logic.TestAdvancedBusinessLogic" name="test_business_rule_scenario_005" time="0.000"><error message="failed on setup with &quot;RuntimeError: Database initialization failed&quot;">tests/e2e/test_advanced_business_logic.py:24: in setUpClass
    setup_reproducible_test_class()
tests/helpers/reproducible_e2e_helper.py:263: in setup_reproducible_test_class
    reproducible_helper.setup_test_class()
tests/helpers/reproducible_e2e_helper.py:178: in setup_test_class
    raise RuntimeError("Database initialization failed")
E   RuntimeError: Database initialization failed</error></testcase><testcase classname="tests.e2e.test_advanced_business_logic.TestAdvancedBusinessLogic" name="test_business_rule_scenario_006" time="0.000"><error message="failed on setup with &quot;RuntimeError: Database initialization failed&quot;">tests/e2e/test_advanced_business_logic.py:24: in setUpClass
    setup_reproducible_test_class()
tests/helpers/reproducible_e2e_helper.py:263: in setup_reproducible_test_class
    reproducible_helper.setup_test_class()
tests/helpers/reproducible_e2e_helper.py:178: in setup_test_class
    raise RuntimeError("Database initialization failed")
E   RuntimeError: Database initialization failed</error></testcase><testcase classname="tests.e2e.test_advanced_business_logic.TestAdvancedBusinessLogic" name="test_business_rule_scenario_007" time="0.000"><error message="failed on setup with &quot;RuntimeError: Database initialization failed&quot;">tests/e2e/test_advanced_business_logic.py:24: in setUpClass
    setup_reproducible_test_class()
tests/helpers/reproducible_e2e_helper.py:263: in setup_reproducible_test_class
    reproducible_helper.setup_test_class()
tests/helpers/reproducible_e2e_helper.py:178: in setup_test_class
    raise RuntimeError("Database initialization failed")
E   RuntimeError: Database initialization failed</error></testcase><testcase classname="tests.e2e.test_advanced_business_logic.TestAdvancedBusinessLogic" name="test_business_rule_scenario_008" time="0.000"><error message="failed on setup with &quot;RuntimeError: Database initialization failed&quot;">tests/e2e/test_advanced_business_logic.py:24: in setUpClass
    setup_reproducible_test_class()
tests/helpers/reproducible_e2e_helper.py:263: in setup_reproducible_test_class
    reproducible_helper.setup_test_class()
tests/helpers/reproducible_e2e_helper.py:178: in setup_test_class
    raise RuntimeError("Database initialization failed")
E   RuntimeError: Database initialization failed</error></testcase><testcase classname="tests.e2e.test_advanced_business_logic.TestAdvancedBusinessLogic" name="test_business_rule_scenario_009" time="0.000"><error message="failed on setup with &quot;RuntimeError: Database initialization failed&quot;">tests/e2e/test_advanced_business_logic.py:24: in setUpClass
    setup_reproducible_test_class()
tests/helpers/reproducible_e2e_helper.py:263: in setup_reproducible_test_class
    reproducible_helper.setup_test_class()
tests/helpers/reproducible_e2e_helper.py:178: in setup_test_class
    raise RuntimeError("Database initialization failed")
E   RuntimeError: Database initialization failed</error></testcase><testcase classname="tests.e2e.test_advanced_business_logic.TestAdvancedBusinessLogic" name="test_business_rule_scenario_010" time="0.000"><error message="failed on setup with &quot;RuntimeError: Database initialization failed&quot;">tests/e2e/test_advanced_business_logic.py:24: in setUpClass
    setup_reproducible_test_class()
tests/helpers/reproducible_e2e_helper.py:263: in setup_reproducible_test_class
    reproducible_helper.setup_test_class()
tests/helpers/reproducible_e2e_helper.py:178: in setup_test_class
    raise RuntimeError("Database initialization failed")
E   RuntimeError: Database initialization failed</error></testcase><testcase classname="tests.e2e.test_advanced_business_logic.TestAdvancedBusinessLogic" name="test_business_rule_scenario_011" time="0.000"><error message="failed on setup with &quot;RuntimeError: Database initialization failed&quot;">tests/e2e/test_advanced_business_logic.py:24: in setUpClass
    setup_reproducible_test_class()
tests/helpers/reproducible_e2e_helper.py:263: in setup_reproducible_test_class
    reproducible_helper.setup_test_class()
tests/helpers/reproducible_e2e_helper.py:178: in setup_test_class
    raise RuntimeError("Database initialization failed")
E   RuntimeError: Database initialization failed</error></testcase><testcase classname="tests.e2e.test_advanced_business_logic.TestAdvancedBusinessLogic" name="test_business_rule_scenario_012" time="0.000"><error message="failed on setup with &quot;RuntimeError: Database initialization failed&quot;">tests/e2e/test_advanced_business_logic.py:24: in setUpClass
    setup_reproducible_test_class()
tests/helpers/reproducible_e2e_helper.py:263: in setup_reproducible_test_class
    reproducible_helper.setup_test_class()
tests/helpers/reproducible_e2e_helper.py:178: in setup_test_class
    raise RuntimeError("Database initialization failed")
E   RuntimeError: Database initialization failed</error></testcase><testcase classname="tests.e2e.test_advanced_business_logic.TestAdvancedBusinessLogic" name="test_business_rule_scenario_013" time="0.000"><error message="failed on setup with &quot;RuntimeError: Database initialization failed&quot;">tests/e2e/test_advanced_business_logic.py:24: in setUpClass
    setup_reproducible_test_class()
tests/helpers/reproducible_e2e_helper.py:263: in setup_reproducible_test_class
    reproducible_helper.setup_test_class()
tests/helpers/reproducible_e2e_helper.py:178: in setup_test_class
    raise RuntimeError("Database initialization failed")
E   RuntimeError: Database initialization failed</error></testcase><testcase classname="tests.e2e.test_advanced_business_logic.TestAdvancedBusinessLogic" name="test_business_rule_scenario_014" time="0.000"><error message="failed on setup with &quot;RuntimeError: Database initialization failed&quot;">tests/e2e/test_advanced_business_logic.py:24: in setUpClass
    setup_reproducible_test_class()
tests/helpers/reproducible_e2e_helper.py:263: in setup_reproducible_test_class
    reproducible_helper.setup_test_class()
tests/helpers/reproducible_e2e_helper.py:178: in setup_test_class
    raise RuntimeError("Database initialization failed")
E   RuntimeError: Database initialization failed</error></testcase><testcase classname="tests.e2e.test_advanced_business_logic.TestAdvancedBusinessLogic" name="test_business_rule_scenario_015" time="0.000"><error message="failed on setup with &quot;RuntimeError: Database initialization failed&quot;">tests/e2e/test_advanced_business_logic.py:24: in setUpClass
    setup_reproducible_test_class()
tests/helpers/reproducible_e2e_helper.py:263: in setup_reproducible_test_class
    reproducible_helper.setup_test_class()
tests/helpers/reproducible_e2e_helper.py:178: in setup_test_class
    raise RuntimeError("Database initialization failed")
E   RuntimeError: Database initialization failed</error></testcase><testcase classname="tests.e2e.test_advanced_business_logic.TestAdvancedBusinessLogic" name="test_business_rule_scenario_016" time="0.000"><error message="failed on setup with &quot;RuntimeError: Database initialization failed&quot;">tests/e2e/test_advanced_business_logic.py:24: in setUpClass
    setup_reproducible_test_class()
tests/helpers/reproducible_e2e_helper.py:263: in setup_reproducible_test_class
    reproducible_helper.setup_test_class()
tests/helpers/reproducible_e2e_helper.py:178: in setup_test_class
    raise RuntimeError("Database initialization failed")
E   RuntimeError: Database initialization failed</error></testcase><testcase classname="tests.e2e.test_advanced_business_logic.TestAdvancedBusinessLogic" name="test_business_rule_scenario_017" time="0.000"><error message="failed on setup with &quot;RuntimeError: Database initialization failed&quot;">tests/e2e/test_advanced_business_logic.py:24: in setUpClass
    setup_reproducible_test_class()
tests/helpers/reproducible_e2e_helper.py:263: in setup_reproducible_test_class
    reproducible_helper.setup_test_class()
tests/helpers/reproducible_e2e_helper.py:178: in setup_test_class
    raise RuntimeError("Database initialization failed")
E   RuntimeError: Database initialization failed</error></testcase><testcase classname="tests.e2e.test_advanced_business_logic.TestAdvancedBusinessLogic" name="test_business_rule_scenario_018" time="0.000"><error message="failed on setup with &quot;RuntimeError: Database initialization failed&quot;">tests/e2e/test_advanced_business_logic.py:24: in setUpClass
    setup_reproducible_test_class()
tests/helpers/reproducible_e2e_helper.py:263: in setup_reproducible_test_class
    reproducible_helper.setup_test_class()
tests/helpers/reproducible_e2e_helper.py:178: in setup_test_class
    raise RuntimeError("Database initialization failed")
E   RuntimeError: Database initialization failed</error></testcase><testcase classname="tests.e2e.test_advanced_business_logic.TestAdvancedBusinessLogic" name="test_business_rule_scenario_019" time="0.000"><error message="failed on setup with &quot;RuntimeError: Database initialization failed&quot;">tests/e2e/test_advanced_business_logic.py:24: in setUpClass
    setup_reproducible_test_class()
tests/helpers/reproducible_e2e_helper.py:263: in setup_reproducible_test_class
    reproducible_helper.setup_test_class()
tests/helpers/reproducible_e2e_helper.py:178: in setup_test_class
    raise RuntimeError("Database initialization failed")
E   RuntimeError: Database initialization failed</error></testcase><testcase classname="tests.e2e.test_advanced_business_logic.TestAdvancedBusinessLogic" name="test_business_rule_scenario_020" time="0.000"><error message="failed on setup with &quot;RuntimeError: Database initialization failed&quot;">tests/e2e/test_advanced_business_logic.py:24: in setUpClass
    setup_reproducible_test_class()
tests/helpers/reproducible_e2e_helper.py:263: in setup_reproducible_test_class
    reproducible_helper.setup_test_class()
tests/helpers/reproducible_e2e_helper.py:178: in setup_test_class
    raise RuntimeError("Database initialization failed")
E   RuntimeError: Database initialization failed</error></testcase><testcase classname="tests.e2e.test_advanced_business_logic.TestAdvancedBusinessLogic" name="test_client_scoring_algorithm" time="0.000"><skipped type="pytest.skip" message="Temporarily skipped due to assertion/connection issues">/app/tests/e2e/test_advanced_business_logic.py:203: Temporarily skipped due to assertion/connection issues</skipped></testcase><testcase classname="tests.e2e.test_advanced_business_logic.TestAdvancedBusinessLogic" name="test_complex_transaction_scenario_001" time="0.000"><error message="failed on setup with &quot;RuntimeError: Database initialization failed&quot;">tests/e2e/test_advanced_business_logic.py:24: in setUpClass
    setup_reproducible_test_class()
tests/helpers/reproducible_e2e_helper.py:263: in setup_reproducible_test_class
    reproducible_helper.setup_test_class()
tests/helpers/reproducible_e2e_helper.py:178: in setup_test_class
    raise RuntimeError("Database initialization failed")
E   RuntimeError: Database initialization failed</error></testcase><testcase classname="tests.e2e.test_advanced_business_logic.TestAdvancedBusinessLogic" name="test_complex_transaction_scenario_002" time="0.000"><error message="failed on setup with &quot;RuntimeError: Database initialization failed&quot;">tests/e2e/test_advanced_business_logic.py:24: in setUpClass
    setup_reproducible_test_class()
tests/helpers/reproducible_e2e_helper.py:263: in setup_reproducible_test_class
    reproducible_helper.setup_test_class()
tests/helpers/reproducible_e2e_helper.py:178: in setup_test_class
    raise RuntimeError("Database initialization failed")
E   RuntimeError: Database initialization failed</error></testcase><testcase classname="tests.e2e.test_advanced_business_logic.TestAdvancedBusinessLogic" name="test_complex_transaction_scenario_003" time="0.000"><error message="failed on setup with &quot;RuntimeError: Database initialization failed&quot;">tests/e2e/test_advanced_business_logic.py:24: in setUpClass
    setup_reproducible_test_class()
tests/helpers/reproducible_e2e_helper.py:263: in setup_reproducible_test_class
    reproducible_helper.setup_test_class()
tests/helpers/reproducible_e2e_helper.py:178: in setup_test_class
    raise RuntimeError("Database initialization failed")
E   RuntimeError: Database initialization failed</error></testcase><testcase classname="tests.e2e.test_advanced_business_logic.TestAdvancedBusinessLogic" name="test_complex_transaction_scenario_004" time="0.000"><error message="failed on setup with &quot;RuntimeError: Database initialization failed&quot;">tests/e2e/test_advanced_business_logic.py:24: in setUpClass
    setup_reproducible_test_class()
tests/helpers/reproducible_e2e_helper.py:263: in setup_reproducible_test_class
    reproducible_helper.setup_test_class()
tests/helpers/reproducible_e2e_helper.py:178: in setup_test_class
    raise RuntimeError("Database initialization failed")
E   RuntimeError: Database initialization failed</error></testcase><testcase classname="tests.e2e.test_advanced_business_logic.TestAdvancedBusinessLogic" name="test_complex_transaction_scenario_005" time="0.000"><error message="failed on setup with &quot;RuntimeError: Database initialization failed&quot;">tests/e2e/test_advanced_business_logic.py:24: in setUpClass
    setup_reproducible_test_class()
tests/helpers/reproducible_e2e_helper.py:263: in setup_reproducible_test_class
    reproducible_helper.setup_test_class()
tests/helpers/reproducible_e2e_helper.py:178: in setup_test_class
    raise RuntimeError("Database initialization failed")
E   RuntimeError: Database initialization failed</error></testcase><testcase classname="tests.e2e.test_advanced_business_logic.TestAdvancedBusinessLogic" name="test_complex_transaction_scenario_006" time="0.000"><error message="failed on setup with &quot;RuntimeError: Database initialization failed&quot;">tests/e2e/test_advanced_business_logic.py:24: in setUpClass
    setup_reproducible_test_class()
tests/helpers/reproducible_e2e_helper.py:263: in setup_reproducible_test_class
    reproducible_helper.setup_test_class()
tests/helpers/reproducible_e2e_helper.py:178: in setup_test_class
    raise RuntimeError("Database initialization failed")
E   RuntimeError: Database initialization failed</error></testcase><testcase classname="tests.e2e.test_advanced_business_logic.TestAdvancedBusinessLogic" name="test_complex_transaction_scenario_007" time="0.000"><error message="failed on setup with &quot;RuntimeError: Database initialization failed&quot;">tests/e2e/test_advanced_business_logic.py:24: in setUpClass
    setup_reproducible_test_class()
tests/helpers/reproducible_e2e_helper.py:263: in setup_reproducible_test_class
    reproducible_helper.setup_test_class()
tests/helpers/reproducible_e2e_helper.py:178: in setup_test_class
    raise RuntimeError("Database initialization failed")
E   RuntimeError: Database initialization failed</error></testcase><testcase classname="tests.e2e.test_advanced_business_logic.TestAdvancedBusinessLogic" name="test_complex_transaction_scenario_008" time="0.000"><error message="failed on setup with &quot;RuntimeError: Database initialization failed&quot;">tests/e2e/test_advanced_business_logic.py:24: in setUpClass
    setup_reproducible_test_class()
tests/helpers/reproducible_e2e_helper.py:263: in setup_reproducible_test_class
    reproducible_helper.setup_test_class()
tests/helpers/reproducible_e2e_helper.py:178: in setup_test_class
    raise RuntimeError("Database initialization failed")
E   RuntimeError: Database initialization failed</error></testcase><testcase classname="tests.e2e.test_advanced_business_logic.TestAdvancedBusinessLogic" name="test_complex_transaction_scenario_009" time="0.000"><error message="failed on setup with &quot;RuntimeError: Database initialization failed&quot;">tests/e2e/test_advanced_business_logic.py:24: in setUpClass
    setup_reproducible_test_class()
tests/helpers/reproducible_e2e_helper.py:263: in setup_reproducible_test_class
    reproducible_helper.setup_test_class()
tests/helpers/reproducible_e2e_helper.py:178: in setup_test_class
    raise RuntimeError("Database initialization failed")
E   RuntimeError: Database initialization failed</error></testcase><testcase classname="tests.e2e.test_advanced_business_logic.TestAdvancedBusinessLogic" name="test_complex_transaction_scenario_010" time="0.000"><error message="failed on setup with &quot;RuntimeError: Database initialization failed&quot;">tests/e2e/test_advanced_business_logic.py:24: in setUpClass
    setup_reproducible_test_class()
tests/helpers/reproducible_e2e_helper.py:263: in setup_reproducible_test_class
    reproducible_helper.setup_test_class()
tests/helpers/reproducible_e2e_helper.py:178: in setup_test_class
    raise RuntimeError("Database initialization failed")
E   RuntimeError: Database initialization failed</error></testcase><testcase classname="tests.e2e.test_advanced_business_logic.TestAdvancedBusinessLogic" name="test_complex_transaction_scenario_011" time="0.000"><error message="failed on setup with &quot;RuntimeError: Database initialization failed&quot;">tests/e2e/test_advanced_business_logic.py:24: in setUpClass
    setup_reproducible_test_class()
tests/helpers/reproducible_e2e_helper.py:263: in setup_reproducible_test_class
    reproducible_helper.setup_test_class()
tests/helpers/reproducible_e2e_helper.py:178: in setup_test_class
    raise RuntimeError("Database initialization failed")
E   RuntimeError: Database initialization failed</error></testcase><testcase classname="tests.e2e.test_advanced_business_logic.TestAdvancedBusinessLogic" name="test_complex_transaction_scenario_012" time="0.000"><error message="failed on setup with &quot;RuntimeError: Database initialization failed&quot;">tests/e2e/test_advanced_business_logic.py:24: in setUpClass
    setup_reproducible_test_class()
tests/helpers/reproducible_e2e_helper.py:263: in setup_reproducible_test_class
    reproducible_helper.setup_test_class()
tests/helpers/reproducible_e2e_helper.py:178: in setup_test_class
    raise RuntimeError("Database initialization failed")
E   RuntimeError: Database initialization failed</error></testcase><testcase classname="tests.e2e.test_advanced_business_logic.TestAdvancedBusinessLogic" name="test_complex_transaction_scenario_013" time="0.000"><error message="failed on setup with &quot;RuntimeError: Database initialization failed&quot;">tests/e2e/test_advanced_business_logic.py:24: in setUpClass
    setup_reproducible_test_class()
tests/helpers/reproducible_e2e_helper.py:263: in setup_reproducible_test_class
    reproducible_helper.setup_test_class()
tests/helpers/reproducible_e2e_helper.py:178: in setup_test_class
    raise RuntimeError("Database initialization failed")
E   RuntimeError: Database initialization failed</error></testcase><testcase classname="tests.e2e.test_advanced_business_logic.TestAdvancedBusinessLogic" name="test_complex_transaction_scenario_014" time="0.000"><error message="failed on setup with &quot;RuntimeError: Database initialization failed&quot;">tests/e2e/test_advanced_business_logic.py:24: in setUpClass
    setup_reproducible_test_class()
tests/helpers/reproducible_e2e_helper.py:263: in setup_reproducible_test_class
    reproducible_helper.setup_test_class()
tests/helpers/reproducible_e2e_helper.py:178: in setup_test_class
    raise RuntimeError("Database initialization failed")
E   RuntimeError: Database initialization failed</error></testcase><testcase classname="tests.e2e.test_advanced_business_logic.TestAdvancedBusinessLogic" name="test_complex_transaction_scenario_015" time="0.000"><error message="failed on setup with &quot;RuntimeError: Database initialization failed&quot;">tests/e2e/test_advanced_business_logic.py:24: in setUpClass
    setup_reproducible_test_class()
tests/helpers/reproducible_e2e_helper.py:263: in setup_reproducible_test_class
    reproducible_helper.setup_test_class()
tests/helpers/reproducible_e2e_helper.py:178: in setup_test_class
    raise RuntimeError("Database initialization failed")
E   RuntimeError: Database initialization failed</error></testcase><testcase classname="tests.e2e.test_advanced_business_logic.TestAdvancedBusinessLogic" name="test_promotion_targeting" time="0.000"><skipped type="pytest.skip" message="Temporarily skipped due to assertion/connection issues">/app/tests/e2e/test_advanced_business_logic.py:207: Temporarily skipped due to assertion/connection issues</skipped></testcase><testcase classname="tests.e2e.test_advanced_business_logic.TestAdvancedBusinessLogic" name="test_workflow_scenario_001" time="0.000"><error message="failed on setup with &quot;RuntimeError: Database initialization failed&quot;">tests/e2e/test_advanced_business_logic.py:24: in setUpClass
    setup_reproducible_test_class()
tests/helpers/reproducible_e2e_helper.py:263: in setup_reproducible_test_class
    reproducible_helper.setup_test_class()
tests/helpers/reproducible_e2e_helper.py:178: in setup_test_class
    raise RuntimeError("Database initialization failed")
E   RuntimeError: Database initialization failed</error></testcase><testcase classname="tests.e2e.test_advanced_business_logic.TestAdvancedBusinessLogic" name="test_workflow_scenario_002" time="0.000"><error message="failed on setup with &quot;RuntimeError: Database initialization failed&quot;">tests/e2e/test_advanced_business_logic.py:24: in setUpClass
    setup_reproducible_test_class()
tests/helpers/reproducible_e2e_helper.py:263: in setup_reproducible_test_class
    reproducible_helper.setup_test_class()
tests/helpers/reproducible_e2e_helper.py:178: in setup_test_class
    raise RuntimeError("Database initialization failed")
E   RuntimeError: Database initialization failed</error></testcase><testcase classname="tests.e2e.test_advanced_business_logic.TestAdvancedBusinessLogic" name="test_workflow_scenario_003" time="0.000"><error message="failed on setup with &quot;RuntimeError: Database initialization failed&quot;">tests/e2e/test_advanced_business_logic.py:24: in setUpClass
    setup_reproducible_test_class()
tests/helpers/reproducible_e2e_helper.py:263: in setup_reproducible_test_class
    reproducible_helper.setup_test_class()
tests/helpers/reproducible_e2e_helper.py:178: in setup_test_class
    raise RuntimeError("Database initialization failed")
E   RuntimeError: Database initialization failed</error></testcase><testcase classname="tests.e2e.test_advanced_business_logic.TestAdvancedBusinessLogic" name="test_workflow_scenario_004" time="0.000"><error message="failed on setup with &quot;RuntimeError: Database initialization failed&quot;">tests/e2e/test_advanced_business_logic.py:24: in setUpClass
    setup_reproducible_test_class()
tests/helpers/reproducible_e2e_helper.py:263: in setup_reproducible_test_class
    reproducible_helper.setup_test_class()
tests/helpers/reproducible_e2e_helper.py:178: in setup_test_class
    raise RuntimeError("Database initialization failed")
E   RuntimeError: Database initialization failed</error></testcase><testcase classname="tests.e2e.test_advanced_business_logic.TestAdvancedBusinessLogic" name="test_workflow_scenario_005" time="0.000"><error message="failed on setup with &quot;RuntimeError: Database initialization failed&quot;">tests/e2e/test_advanced_business_logic.py:24: in setUpClass
    setup_reproducible_test_class()
tests/helpers/reproducible_e2e_helper.py:263: in setup_reproducible_test_class
    reproducible_helper.setup_test_class()
tests/helpers/reproducible_e2e_helper.py:178: in setup_test_class
    raise RuntimeError("Database initialization failed")
E   RuntimeError: Database initialization failed</error></testcase><testcase classname="tests.e2e.test_advanced_business_logic.TestAdvancedBusinessLogic" name="test_workflow_scenario_006" time="0.000"><error message="failed on setup with &quot;RuntimeError: Database initialization failed&quot;">tests/e2e/test_advanced_business_logic.py:24: in setUpClass
    setup_reproducible_test_class()
tests/helpers/reproducible_e2e_helper.py:263: in setup_reproducible_test_class
    reproducible_helper.setup_test_class()
tests/helpers/reproducible_e2e_helper.py:178: in setup_test_class
    raise RuntimeError("Database initialization failed")
E   RuntimeError: Database initialization failed</error></testcase><testcase classname="tests.e2e.test_advanced_business_logic.TestAdvancedBusinessLogic" name="test_workflow_scenario_007" time="0.000"><error message="failed on setup with &quot;RuntimeError: Database initialization failed&quot;">tests/e2e/test_advanced_business_logic.py:24: in setUpClass
    setup_reproducible_test_class()
tests/helpers/reproducible_e2e_helper.py:263: in setup_reproducible_test_class
    reproducible_helper.setup_test_class()
tests/helpers/reproducible_e2e_helper.py:178: in setup_test_class
    raise RuntimeError("Database initialization failed")
E   RuntimeError: Database initialization failed</error></testcase><testcase classname="tests.e2e.test_advanced_business_logic.TestAdvancedBusinessLogic" name="test_workflow_scenario_008" time="0.000"><error message="failed on setup with &quot;RuntimeError: Database initialization failed&quot;">tests/e2e/test_advanced_business_logic.py:24: in setUpClass
    setup_reproducible_test_class()
tests/helpers/reproducible_e2e_helper.py:263: in setup_reproducible_test_class
    reproducible_helper.setup_test_class()
tests/helpers/reproducible_e2e_helper.py:178: in setup_test_class
    raise RuntimeError("Database initialization failed")
E   RuntimeError: Database initialization failed</error></testcase><testcase classname="tests.e2e.test_advanced_business_logic.TestAdvancedBusinessLogic" name="test_workflow_scenario_009" time="0.000"><error message="failed on setup with &quot;RuntimeError: Database initialization failed&quot;">tests/e2e/test_advanced_business_logic.py:24: in setUpClass
    setup_reproducible_test_class()
tests/helpers/reproducible_e2e_helper.py:263: in setup_reproducible_test_class
    reproducible_helper.setup_test_class()
tests/helpers/reproducible_e2e_helper.py:178: in setup_test_class
    raise RuntimeError("Database initialization failed")
E   RuntimeError: Database initialization failed</error></testcase><testcase classname="tests.e2e.test_advanced_business_logic.TestAdvancedBusinessLogic" name="test_workflow_scenario_010" time="0.000"><error message="failed on setup with &quot;RuntimeError: Database initialization failed&quot;">tests/e2e/test_advanced_business_logic.py:24: in setUpClass
    setup_reproducible_test_class()
tests/helpers/reproducible_e2e_helper.py:263: in setup_reproducible_test_class
    reproducible_helper.setup_test_class()
tests/helpers/reproducible_e2e_helper.py:178: in setup_test_class
    raise RuntimeError("Database initialization failed")
E   RuntimeError: Database initialization failed</error></testcase><testcase classname="tests.e2e.test_advanced_business_logic.TestAdvancedBusinessLogic" name="test_workflow_scenario_011" time="0.000"><error message="failed on setup with &quot;RuntimeError: Database initialization failed&quot;">tests/e2e/test_advanced_business_logic.py:24: in setUpClass
    setup_reproducible_test_class()
tests/helpers/reproducible_e2e_helper.py:263: in setup_reproducible_test_class
    reproducible_helper.setup_test_class()
tests/helpers/reproducible_e2e_helper.py:178: in setup_test_class
    raise RuntimeError("Database initialization failed")
E   RuntimeError: Database initialization failed</error></testcase><testcase classname="tests.e2e.test_advanced_business_logic.TestAdvancedBusinessLogic" name="test_workflow_scenario_012" time="0.000"><error message="failed on setup with &quot;RuntimeError: Database initialization failed&quot;">tests/e2e/test_advanced_business_logic.py:24: in setUpClass
    setup_reproducible_test_class()
tests/helpers/reproducible_e2e_helper.py:263: in setup_reproducible_test_class
    reproducible_helper.setup_test_class()
tests/helpers/reproducible_e2e_helper.py:178: in setup_test_class
    raise RuntimeError("Database initialization failed")
E   RuntimeError: Database initialization failed</error></testcase><testcase classname="tests.e2e.test_advanced_business_logic.TestAdvancedBusinessLogic" name="test_workflow_scenario_013" time="0.000"><error message="failed on setup with &quot;RuntimeError: Database initialization failed&quot;">tests/e2e/test_advanced_business_logic.py:24: in setUpClass
    setup_reproducible_test_class()
tests/helpers/reproducible_e2e_helper.py:263: in setup_reproducible_test_class
    reproducible_helper.setup_test_class()
tests/helpers/reproducible_e2e_helper.py:178: in setup_test_class
    raise RuntimeError("Database initialization failed")
E   RuntimeError: Database initialization failed</error></testcase><testcase classname="tests.e2e.test_advanced_business_logic.TestAdvancedBusinessLogic" name="test_workflow_scenario_014" time="0.000"><error message="failed on setup with &quot;RuntimeError: Database initialization failed&quot;">tests/e2e/test_advanced_business_logic.py:24: in setUpClass
    setup_reproducible_test_class()
tests/helpers/reproducible_e2e_helper.py:263: in setup_reproducible_test_class
    reproducible_helper.setup_test_class()
tests/helpers/reproducible_e2e_helper.py:178: in setup_test_class
    raise RuntimeError("Database initialization failed")
E   RuntimeError: Database initialization failed</error></testcase><testcase classname="tests.e2e.test_advanced_business_logic.TestAdvancedBusinessLogic" name="test_workflow_scenario_015" time="0.000"><error message="failed on setup with &quot;RuntimeError: Database initialization failed&quot;">tests/e2e/test_advanced_business_logic.py:24: in setUpClass
    setup_reproducible_test_class()
tests/helpers/reproducible_e2e_helper.py:263: in setup_reproducible_test_class
    reproducible_helper.setup_test_class()
tests/helpers/reproducible_e2e_helper.py:178: in setup_test_class
    raise RuntimeError("Database initialization failed")
E   RuntimeError: Database initialization failed</error></testcase><testcase classname="tests.e2e.test_advanced_business_logic.TestAdvancedBusinessLogic" name="test_workflow_scenario_016" time="0.000"><error message="failed on setup with &quot;RuntimeError: Database initialization failed&quot;">tests/e2e/test_advanced_business_logic.py:24: in setUpClass
    setup_reproducible_test_class()
tests/helpers/reproducible_e2e_helper.py:263: in setup_reproducible_test_class
    reproducible_helper.setup_test_class()
tests/helpers/reproducible_e2e_helper.py:178: in setup_test_class
    raise RuntimeError("Database initialization failed")
E   RuntimeError: Database initialization failed</error></testcase><testcase classname="tests.e2e.test_advanced_business_logic.TestAdvancedBusinessLogic" name="test_workflow_scenario_017" time="0.000"><error message="failed on setup with &quot;RuntimeError: Database initialization failed&quot;">tests/e2e/test_advanced_business_logic.py:24: in setUpClass
    setup_reproducible_test_class()
tests/helpers/reproducible_e2e_helper.py:263: in setup_reproducible_test_class
    reproducible_helper.setup_test_class()
tests/helpers/reproducible_e2e_helper.py:178: in setup_test_class
    raise RuntimeError("Database initialization failed")
E   RuntimeError: Database initialization failed</error></testcase><testcase classname="tests.e2e.test_advanced_business_logic.TestAdvancedBusinessLogic" name="test_workflow_scenario_018" time="0.000"><error message="failed on setup with &quot;RuntimeError: Database initialization failed&quot;">tests/e2e/test_advanced_business_logic.py:24: in setUpClass
    setup_reproducible_test_class()
tests/helpers/reproducible_e2e_helper.py:263: in setup_reproducible_test_class
    reproducible_helper.setup_test_class()
tests/helpers/reproducible_e2e_helper.py:178: in setup_test_class
    raise RuntimeError("Database initialization failed")
E   RuntimeError: Database initialization failed</error></testcase><testcase classname="tests.e2e.test_advanced_business_logic.TestAdvancedBusinessLogic" name="test_workflow_scenario_019" time="0.000"><error message="failed on setup with &quot;RuntimeError: Database initialization failed&quot;">tests/e2e/test_advanced_business_logic.py:24: in setUpClass
    setup_reproducible_test_class()
tests/helpers/reproducible_e2e_helper.py:263: in setup_reproducible_test_class
    reproducible_helper.setup_test_class()
tests/helpers/reproducible_e2e_helper.py:178: in setup_test_class
    raise RuntimeError("Database initialization failed")
E   RuntimeError: Database initialization failed</error></testcase><testcase classname="tests.e2e.test_advanced_business_logic.TestAdvancedBusinessLogic" name="test_workflow_scenario_020" time="0.000"><error message="failed on setup with &quot;RuntimeError: Database initialization failed&quot;">tests/e2e/test_advanced_business_logic.py:24: in setUpClass
    setup_reproducible_test_class()
tests/helpers/reproducible_e2e_helper.py:263: in setup_reproducible_test_class
    reproducible_helper.setup_test_class()
tests/helpers/reproducible_e2e_helper.py:178: in setup_test_class
    raise RuntimeError("Database initialization failed")
E   RuntimeError: Database initialization failed</error></testcase><testcase classname="tests.e2e.test_advanced_database_operations.TestAdvancedDatabaseOperations" name="test_complex_join_operations" time="0.115"><skipped type="pytest.skip" message="E2E Synapse接続が利用できません: 0">/app/tests/e2e/test_advanced_database_operations.py:35: E2E Synapse接続が利用できません: 0</skipped></testcase><testcase classname="tests.e2e.test_advanced_database_operations.TestAdvancedDatabaseOperations" name="test_aggregate_functions_with_grouping" time="0.000"><skipped type="pytest.skip" message="E2E Synapse接続が利用できません: 0">/app/tests/e2e/test_advanced_database_operations.py:61: E2E Synapse接続が利用できません: 0</skipped></testcase><testcase classname="tests.e2e.test_advanced_database_operations.TestAdvancedDatabaseOperations" name="test_subquery_operations" time="0.000"><skipped type="pytest.skip" message="E2E Synapse接続が利用できません: 0">/app/tests/e2e/test_advanced_database_operations.py:91: E2E Synapse接続が利用できません: 0</skipped></testcase><testcase classname="tests.e2e.test_advanced_database_operations.TestAdvancedDatabaseOperations" name="test_window_functions" time="0.000"><skipped type="pytest.skip" message="E2E Synapse接続が利用できません: 0">/app/tests/e2e/test_advanced_database_operations.py:125: E2E Synapse接続が利用できません: 0</skipped></testcase><testcase classname="tests.e2e.test_advanced_database_operations.TestAdvancedDatabaseOperations" name="test_transaction_rollback_scenario" time="0.000"><skipped type="pytest.skip" message="E2E Synapse接続が利用できません: 0">/app/tests/e2e/test_advanced_database_operations.py:163: E2E Synapse接続が利用できません: 0</skipped></testcase><testcase classname="tests.e2e.test_advanced_database_operations.TestAdvancedDatabaseOperations" name="test_date_time_operations" time="0.000"><skipped type="pytest.skip" message="E2E Synapse接続が利用できません: 0">/app/tests/e2e/test_advanced_database_operations.py:204: E2E Synapse接続が利用できません: 0</skipped></testcase><testcase classname="tests.e2e.test_advanced_database_operations.TestAdvancedDatabaseOperations" name="test_string_manipulation_operations" time="0.000"><skipped type="pytest.skip" message="E2E Synapse接続が利用できません: 0">/app/tests/e2e/test_advanced_database_operations.py:232: E2E Synapse接続が利用できません: 0</skipped></testcase><testcase classname="tests.e2e.test_advanced_database_operations.TestAdvancedDatabaseOperations" name="test_conditional_logic_operations" time="0.000"><skipped type="pytest.skip" message="E2E Synapse接続が利用できません: 0">/app/tests/e2e/test_advanced_database_operations.py:260: E2E Synapse接続が利用できません: 0</skipped></testcase><testcase classname="tests.e2e.test_advanced_database_operations.TestAdvancedDatabaseOperations" name="test_null_handling_operations" time="0.000"><skipped type="pytest.skip" message="E2E Synapse接続が利用できません: 0">/app/tests/e2e/test_advanced_database_operations.py:303: E2E Synapse接続が利用できません: 0</skipped></testcase><testcase classname="tests.e2e.test_advanced_database_operations.TestAdvancedDatabaseOperations" name="test_performance_large_dataset" time="0.000"><skipped type="pytest.skip" message="E2E Synapse接続が利用できません: 0">/app/tests/e2e/test_advanced_database_operations.py:327: E2E Synapse接続が利用できません: 0</skipped></testcase><testcase classname="tests.e2e.test_advanced_etl_pipeline_operations_fixed.TestAdvancedETLPipelineOperations" name="test_data_extraction_pipeline" time="56.653"><error message="failed on setup with &quot;RuntimeError: Database initialization failed&quot;">tests/e2e/test_advanced_etl_pipeline_operations_fixed.py:38: in setup_class
    setup_reproducible_test_class()
tests/helpers/reproducible_e2e_helper.py:263: in setup_reproducible_test_class
    reproducible_helper.setup_test_class()
tests/helpers/reproducible_e2e_helper.py:178: in setup_test_class
    raise RuntimeError("Database initialization failed")
E   RuntimeError: Database initialization failed</error></testcase><testcase classname="tests.e2e.test_advanced_etl_pipeline_operations_fixed.TestAdvancedETLPipelineOperations" name="test_data_transformation_pipeline" time="0.000"><error message="failed on setup with &quot;RuntimeError: Database initialization failed&quot;">tests/e2e/test_advanced_etl_pipeline_operations_fixed.py:38: in setup_class
    setup_reproducible_test_class()
tests/helpers/reproducible_e2e_helper.py:263: in setup_reproducible_test_class
    reproducible_helper.setup_test_class()
tests/helpers/reproducible_e2e_helper.py:178: in setup_test_class
    raise RuntimeError("Database initialization failed")
E   RuntimeError: Database initialization failed</error></testcase><testcase classname="tests.e2e.test_advanced_etl_pipeline_operations_fixed.TestAdvancedETLPipelineOperations" name="test_data_loading_pipeline" time="0.000"><error message="failed on setup with &quot;RuntimeError: Database initialization failed&quot;">tests/e2e/test_advanced_etl_pipeline_operations_fixed.py:38: in setup_class
    setup_reproducible_test_class()
tests/helpers/reproducible_e2e_helper.py:263: in setup_reproducible_test_class
    reproducible_helper.setup_test_class()
tests/helpers/reproducible_e2e_helper.py:178: in setup_test_class
    raise RuntimeError("Database initialization failed")
E   RuntimeError: Database initialization failed</error></testcase><testcase classname="tests.e2e.test_advanced_etl_pipeline_operations_fixed.TestAdvancedETLPipelineOperations" name="test_incremental_data_processing" time="0.000"><error message="failed on setup with &quot;RuntimeError: Database initialization failed&quot;">tests/e2e/test_advanced_etl_pipeline_operations_fixed.py:38: in setup_class
    setup_reproducible_test_class()
tests/helpers/reproducible_e2e_helper.py:263: in setup_reproducible_test_class
    reproducible_helper.setup_test_class()
tests/helpers/reproducible_e2e_helper.py:178: in setup_test_class
    raise RuntimeError("Database initialization failed")
E   RuntimeError: Database initialization failed</error></testcase><testcase classname="tests.e2e.test_advanced_etl_pipeline_operations_fixed.TestAdvancedETLPipelineOperations" name="test_data_quality_monitoring" time="0.000"><error message="failed on setup with &quot;RuntimeError: Database initialization failed&quot;">tests/e2e/test_advanced_etl_pipeline_operations_fixed.py:38: in setup_class
    setup_reproducible_test_class()
tests/helpers/reproducible_e2e_helper.py:263: in setup_reproducible_test_class
    reproducible_helper.setup_test_class()
tests/helpers/reproducible_e2e_helper.py:178: in setup_test_class
    raise RuntimeError("Database initialization failed")
E   RuntimeError: Database initialization failed</error></testcase><testcase classname="tests.e2e.test_advanced_etl_pipeline_operations_fixed.TestAdvancedETLPipelineOperations" name="test_error_handling_and_recovery" time="0.000"><error message="failed on setup with &quot;RuntimeError: Database initialization failed&quot;">tests/e2e/test_advanced_etl_pipeline_operations_fixed.py:38: in setup_class
    setup_reproducible_test_class()
tests/helpers/reproducible_e2e_helper.py:263: in setup_reproducible_test_class
    reproducible_helper.setup_test_class()
tests/helpers/reproducible_e2e_helper.py:178: in setup_test_class
    raise RuntimeError("Database initialization failed")
E   RuntimeError: Database initialization failed</error></testcase><testcase classname="tests.e2e.test_advanced_etl_pipeline_operations_fixed.TestAdvancedETLPipelineOperations" name="test_pipeline_orchestration" time="0.000"><error message="failed on setup with &quot;RuntimeError: Database initialization failed&quot;">tests/e2e/test_advanced_etl_pipeline_operations_fixed.py:38: in setup_class
    setup_reproducible_test_class()
tests/helpers/reproducible_e2e_helper.py:263: in setup_reproducible_test_class
    reproducible_helper.setup_test_class()
tests/helpers/reproducible_e2e_helper.py:178: in setup_test_class
    raise RuntimeError("Database initialization failed")
E   RuntimeError: Database initialization failed</error></testcase><testcase classname="tests.e2e.test_advanced_etl_pipeline_operations_fixed.TestAdvancedETLPipelineOperations" name="test_performance_optimization_advanced" time="0.000"><error message="failed on setup with &quot;RuntimeError: Database initialization failed&quot;">tests/e2e/test_advanced_etl_pipeline_operations_fixed.py:38: in setup_class
    setup_reproducible_test_class()
tests/helpers/reproducible_e2e_helper.py:263: in setup_reproducible_test_class
    reproducible_helper.setup_test_class()
tests/helpers/reproducible_e2e_helper.py:178: in setup_test_class
    raise RuntimeError("Database initialization failed")
E   RuntimeError: Database initialization failed</error></testcase><testcase classname="tests.e2e.test_advanced_etl_pipeline_operations_fixed_complete.TestAdvancedETLPipelineOperations" name="test_data_extraction_pipeline" time="56.647"><error message="failed on setup with &quot;RuntimeError: Database initialization failed&quot;">tests/e2e/test_advanced_etl_pipeline_operations_fixed_complete.py:31: in setup_class
    setup_reproducible_test_class()
tests/helpers/reproducible_e2e_helper.py:263: in setup_reproducible_test_class
    reproducible_helper.setup_test_class()
tests/helpers/reproducible_e2e_helper.py:178: in setup_test_class
    raise RuntimeError("Database initialization failed")
E   RuntimeError: Database initialization failed</error></testcase><testcase classname="tests.e2e.test_advanced_etl_pipeline_operations_fixed_complete.TestAdvancedETLPipelineOperations" name="test_data_transformation_pipeline" time="0.000"><error message="failed on setup with &quot;RuntimeError: Database initialization failed&quot;">tests/e2e/test_advanced_etl_pipeline_operations_fixed_complete.py:31: in setup_class
    setup_reproducible_test_class()
tests/helpers/reproducible_e2e_helper.py:263: in setup_reproducible_test_class
    reproducible_helper.setup_test_class()
tests/helpers/reproducible_e2e_helper.py:178: in setup_test_class
    raise RuntimeError("Database initialization failed")
E   RuntimeError: Database initialization failed</error></testcase><testcase classname="tests.e2e.test_advanced_etl_pipeline_operations_fixed_complete.TestAdvancedETLPipelineOperations" name="test_data_loading_pipeline" time="0.000"><error message="failed on setup with &quot;RuntimeError: Database initialization failed&quot;">tests/e2e/test_advanced_etl_pipeline_operations_fixed_complete.py:31: in setup_class
    setup_reproducible_test_class()
tests/helpers/reproducible_e2e_helper.py:263: in setup_reproducible_test_class
    reproducible_helper.setup_test_class()
tests/helpers/reproducible_e2e_helper.py:178: in setup_test_class
    raise RuntimeError("Database initialization failed")
E   RuntimeError: Database initialization failed</error></testcase><testcase classname="tests.e2e.test_advanced_etl_pipeline_operations_fixed_complete.TestAdvancedETLPipelineOperations" name="test_incremental_data_processing" time="0.000"><error message="failed on setup with &quot;RuntimeError: Database initialization failed&quot;">tests/e2e/test_advanced_etl_pipeline_operations_fixed_complete.py:31: in setup_class
    setup_reproducible_test_class()
tests/helpers/reproducible_e2e_helper.py:263: in setup_reproducible_test_class
    reproducible_helper.setup_test_class()
tests/helpers/reproducible_e2e_helper.py:178: in setup_test_class
    raise RuntimeError("Database initialization failed")
E   RuntimeError: Database initialization failed</error></testcase><testcase classname="tests.e2e.test_advanced_etl_pipeline_operations_fixed_complete.TestAdvancedETLPipelineOperations" name="test_data_quality_validation" time="0.000"><error message="failed on setup with &quot;RuntimeError: Database initialization failed&quot;">tests/e2e/test_advanced_etl_pipeline_operations_fixed_complete.py:31: in setup_class
    setup_reproducible_test_class()
tests/helpers/reproducible_e2e_helper.py:263: in setup_reproducible_test_class
    reproducible_helper.setup_test_class()
tests/helpers/reproducible_e2e_helper.py:178: in setup_test_class
    raise RuntimeError("Database initialization failed")
E   RuntimeError: Database initialization failed</error></testcase><testcase classname="tests.e2e.test_advanced_etl_pipeline_operations_fixed_complete.TestAdvancedETLPipelineOperations" name="test_pipeline_performance_monitoring" time="0.000"><error message="failed on setup with &quot;RuntimeError: Database initialization failed&quot;">tests/e2e/test_advanced_etl_pipeline_operations_fixed_complete.py:31: in setup_class
    setup_reproducible_test_class()
tests/helpers/reproducible_e2e_helper.py:263: in setup_reproducible_test_class
    reproducible_helper.setup_test_class()
tests/helpers/reproducible_e2e_helper.py:178: in setup_test_class
    raise RuntimeError("Database initialization failed")
E   RuntimeError: Database initialization failed</error></testcase><testcase classname="tests.e2e.test_advanced_etl_pipeline_operations_fixed_complete.TestAdvancedETLPipelineOperations" name="test_error_handling_and_recovery" time="0.000"><error message="failed on setup with &quot;RuntimeError: Database initialization failed&quot;">tests/e2e/test_advanced_etl_pipeline_operations_fixed_complete.py:31: in setup_class
    setup_reproducible_test_class()
tests/helpers/reproducible_e2e_helper.py:263: in setup_reproducible_test_class
    reproducible_helper.setup_test_class()
tests/helpers/reproducible_e2e_helper.py:178: in setup_test_class
    raise RuntimeError("Database initialization failed")
E   RuntimeError: Database initialization failed</error></testcase><testcase classname="tests.e2e.test_advanced_etl_pipeline_operations_improved.TestAdvancedETLPipelineOperationsImproved" name="test_database_connectivity_and_data_validation" time="0.113"><failure message="Failed: データベース接続テスト失敗: 0">tests/e2e/test_advanced_etl_pipeline_operations_improved.py:70: in test_database_connectivity_and_data_validation
    logger.info(f"✅ データベース接続成功: {basic_test[0][0]}")
E   KeyError: 0

During handling of the above exception, another exception occurred:
tests/e2e/test_advanced_etl_pipeline_operations_improved.py:85: in test_database_connectivity_and_data_validation
    pytest.fail(f"データベース接続テスト失敗: {str(e)}")
E   Failed: データベース接続テスト失敗: 0</failure></testcase><testcase classname="tests.e2e.test_advanced_etl_pipeline_operations_improved.TestAdvancedETLPipelineOperationsImproved" name="test_etl_data_extraction_advanced" time="0.016"><failure message="AssertionError: 期待: 3つ以上のソースタイプ, 実際: 0&#10;assert 0 &gt;= 3&#10; +  where 0 = len([])">tests/e2e/test_advanced_etl_pipeline_operations_improved.py:107: in test_etl_data_extraction_advanced
    assert len(extraction_results) &gt;= 3, f"期待: 3つ以上のソースタイプ, 実際: {len(extraction_results)}"
E   AssertionError: 期待: 3つ以上のソースタイプ, 実際: 0
E   assert 0 &gt;= 3
E    +  where 0 = len([])</failure></testcase><testcase classname="tests.e2e.test_advanced_etl_pipeline_operations_improved.TestAdvancedETLPipelineOperationsImproved" name="test_etl_data_transformation_complex" time="0.020"><failure message="AssertionError: 変換結果が取得できません&#10;assert 0 &gt; 0&#10; +  where 0 = len([])">tests/e2e/test_advanced_etl_pipeline_operations_improved.py:156: in test_etl_data_transformation_complex
    assert len(transformation_results) &gt; 0, "変換結果が取得できません"
E   AssertionError: 変換結果が取得できません
E   assert 0 &gt; 0
E    +  where 0 = len([])</failure></testcase><testcase classname="tests.e2e.test_advanced_etl_pipeline_operations_improved.TestAdvancedETLPipelineOperationsImproved" name="test_etl_incremental_processing_advanced" time="0.011"><failure message="pyodbc.ProgrammingError: ('42S22', &quot;[42S22] [Microsoft][ODBC Driver 18 for SQL Server][SQL Server]Invalid column name 'source_name'. (207) (SQLExecDirectW)&quot;)">tests/e2e/test_advanced_etl_pipeline_operations_improved.py:180: in test_etl_incremental_processing_advanced
    incremental_results = connection.execute_query("""
tests/e2e/helpers/synapse_e2e_helper.py:100: in execute_query
    cursor.execute(query)
E   pyodbc.ProgrammingError: ('42S22', "[42S22] [Microsoft][ODBC Driver 18 for SQL Server][SQL Server]Invalid column name 'source_name'. (207) (SQLExecDirectW)")</failure></testcase><testcase classname="tests.e2e.test_advanced_etl_pipeline_operations_improved.TestAdvancedETLPipelineOperationsImproved" name="test_etl_performance_monitoring_comprehensive" time="0.012"><failure message="AssertionError: パフォーマンス測定結果が取得できません&#10;assert 0 &gt; 0&#10; +  where 0 = len([])">tests/e2e/test_advanced_etl_pipeline_operations_improved.py:245: in test_etl_performance_monitoring_comprehensive
    assert len(performance_results) &gt; 0, "パフォーマンス測定結果が取得できません"
E   AssertionError: パフォーマンス測定結果が取得できません
E   assert 0 &gt; 0
E    +  where 0 = len([])</failure></testcase><testcase classname="tests.e2e.test_advanced_etl_pipeline_operations_improved.TestAdvancedETLPipelineOperationsImproved" name="test_etl_error_handling_resilience" time="0.086"><failure message="AssertionError: エラーハンドリング結果が取得できません&#10;assert 0 &gt; 0&#10; +  where 0 = len([])">tests/e2e/test_advanced_etl_pipeline_operations_improved.py:318: in test_etl_error_handling_resilience
    assert len(error_handling_results) &gt; 0, "エラーハンドリング結果が取得できません"
E   AssertionError: エラーハンドリング結果が取得できません
E   assert 0 &gt; 0
E    +  where 0 = len([])</failure></testcase><testcase classname="tests.e2e.test_advanced_etl_pipeline_operations_improved.TestAdvancedETLPipelineOperationsImproved" name="test_end_to_end_pipeline_integration" time="0.013"><failure message="AssertionError: パイプライン統合結果が取得できません&#10;assert 0 &gt; 0&#10; +  where 0 = len([])">tests/e2e/test_advanced_etl_pipeline_operations_improved.py:405: in test_end_to_end_pipeline_integration
    assert len(pipeline_integration_results) &gt; 0, "パイプライン統合結果が取得できません"
E   AssertionError: パイプライン統合結果が取得できません
E   assert 0 &gt; 0
E    +  where 0 = len([])</failure></testcase><testcase classname="tests.e2e.test_advanced_etl_pipeline_operations_improved_fixed.TestAdvancedETLPipelineOperationsImprovedFixed" name="test_database_connectivity_and_data_validation" time="0.026"><failure message="Failed: データベース接続テスト失敗: 0">tests/e2e/test_advanced_etl_pipeline_operations_improved_fixed.py:70: in test_database_connectivity_and_data_validation
    logger.info(f"✅ データベース接続成功: {basic_test[0][0]}")
E   KeyError: 0

During handling of the above exception, another exception occurred:
tests/e2e/test_advanced_etl_pipeline_operations_improved_fixed.py:85: in test_database_connectivity_and_data_validation
    pytest.fail(f"データベース接続テスト失敗: {str(e)}")
E   Failed: データベース接続テスト失敗: 0</failure></testcase><testcase classname="tests.e2e.test_advanced_etl_pipeline_operations_improved_fixed.TestAdvancedETLPipelineOperationsImprovedFixed" name="test_etl_data_extraction_advanced" time="0.012"><failure message="AssertionError: 期待: 3つ以上のソースタイプ, 実際: 0&#10;assert 0 &gt;= 3&#10; +  where 0 = len([])">tests/e2e/test_advanced_etl_pipeline_operations_improved_fixed.py:107: in test_etl_data_extraction_advanced
    assert len(extraction_results) &gt;= 3, f"期待: 3つ以上のソースタイプ, 実際: {len(extraction_results)}"
E   AssertionError: 期待: 3つ以上のソースタイプ, 実際: 0
E   assert 0 &gt;= 3
E    +  where 0 = len([])</failure></testcase><testcase classname="tests.e2e.test_advanced_etl_pipeline_operations_improved_fixed.TestAdvancedETLPipelineOperationsImprovedFixed" name="test_etl_data_transformation_complex" time="0.012"><failure message="AssertionError: 変換結果が取得できません&#10;assert 0 &gt; 0&#10; +  where 0 = len([])">tests/e2e/test_advanced_etl_pipeline_operations_improved_fixed.py:156: in test_etl_data_transformation_complex
    assert len(transformation_results) &gt; 0, "変換結果が取得できません"
E   AssertionError: 変換結果が取得できません
E   assert 0 &gt; 0
E    +  where 0 = len([])</failure></testcase><testcase classname="tests.e2e.test_advanced_etl_pipeline_operations_improved_fixed.TestAdvancedETLPipelineOperationsImprovedFixed" name="test_etl_incremental_processing_advanced" time="0.009"><failure message="pyodbc.ProgrammingError: ('42S22', &quot;[42S22] [Microsoft][ODBC Driver 18 for SQL Server][SQL Server]Invalid column name 'source_name'. (207) (SQLExecDirectW)&quot;)">tests/e2e/test_advanced_etl_pipeline_operations_improved_fixed.py:180: in test_etl_incremental_processing_advanced
    incremental_results = connection.execute_query("""
tests/e2e/helpers/synapse_e2e_helper.py:100: in execute_query
    cursor.execute(query)
E   pyodbc.ProgrammingError: ('42S22', "[42S22] [Microsoft][ODBC Driver 18 for SQL Server][SQL Server]Invalid column name 'source_name'. (207) (SQLExecDirectW)")</failure></testcase><testcase classname="tests.e2e.test_advanced_etl_pipeline_operations_improved_fixed.TestAdvancedETLPipelineOperationsImprovedFixed" name="test_etl_performance_monitoring_comprehensive" time="0.014"><failure message="AssertionError: パフォーマンス測定結果が取得できません&#10;assert 0 &gt; 0&#10; +  where 0 = len([])">tests/e2e/test_advanced_etl_pipeline_operations_improved_fixed.py:245: in test_etl_performance_monitoring_comprehensive
    assert len(performance_results) &gt; 0, "パフォーマンス測定結果が取得できません"
E   AssertionError: パフォーマンス測定結果が取得できません
E   assert 0 &gt; 0
E    +  where 0 = len([])</failure></testcase><testcase classname="tests.e2e.test_advanced_etl_pipeline_operations_improved_fixed.TestAdvancedETLPipelineOperationsImprovedFixed" name="test_etl_error_handling_resilience" time="0.011"><failure message="AssertionError: エラーハンドリング結果が取得できません&#10;assert 0 &gt; 0&#10; +  where 0 = len([])">tests/e2e/test_advanced_etl_pipeline_operations_improved_fixed.py:306: in test_etl_error_handling_resilience
    assert len(error_handling_results) &gt; 0, "エラーハンドリング結果が取得できません"
E   AssertionError: エラーハンドリング結果が取得できません
E   assert 0 &gt; 0
E    +  where 0 = len([])</failure></testcase><testcase classname="tests.e2e.test_advanced_etl_pipeline_operations_improved_fixed.TestAdvancedETLPipelineOperationsImprovedFixed" name="test_end_to_end_pipeline_integration" time="0.009"><failure message="AssertionError: パイプライン統合結果が取得できません&#10;assert 0 &gt; 0&#10; +  where 0 = len([])">tests/e2e/test_advanced_etl_pipeline_operations_improved_fixed.py:393: in test_end_to_end_pipeline_integration
    assert len(pipeline_integration_results) &gt; 0, "パイプライン統合結果が取得できません"
E   AssertionError: パイプライン統合結果が取得できません
E   assert 0 &gt; 0
E    +  where 0 = len([])</failure></testcase><testcase classname="tests.e2e.test_basic_connections" name="test_database_connection" time="0.039" /><testcase classname="tests.e2e.test_basic_connections" name="test_ir_simulator_connection" time="0.004"><skipped type="pytest.skip" message="IR Simulator not running (expected in no-proxy configuration): http://localhost:8080">/app/tests/e2e/test_basic_connections.py:206: IR Simulator not running (expected in no-proxy configuration): http://localhost:8080</skipped></testcase><testcase classname="tests.e2e.test_basic_connections" name="test_azurite_connection" time="0.001"><skipped type="pytest.skip" message="Azurite サービスが利用できません（Docker環境では正常）: http://localhost:10000">/app/tests/e2e/test_basic_connections.py:272: Azurite サービスが利用できません（Docker環境では正常）: http://localhost:10000</skipped></testcase><testcase classname="tests.e2e.test_basic_connections" name="test_database_tables_and_data" time="0.000" /><testcase classname="tests.e2e.test_basic_connections" name="test_all_services_integration" time="0.001" /><testcase classname="tests.e2e.test_basic_database_operations.TestBasicDatabaseOperations" name="test_database_connection_basic" time="56.659"><error message="failed on setup with &quot;RuntimeError: Database initialization failed&quot;">tests/e2e/test_basic_database_operations.py:17: in setup_class
    setup_reproducible_test_class()
tests/helpers/reproducible_e2e_helper.py:263: in setup_reproducible_test_class
    reproducible_helper.setup_test_class()
tests/helpers/reproducible_e2e_helper.py:178: in setup_test_class
    raise RuntimeError("Database initialization failed")
E   RuntimeError: Database initialization failed</error></testcase><testcase classname="tests.e2e.test_basic_database_operations.TestBasicDatabaseOperations" name="test_table_count_validation" time="0.000"><error message="failed on setup with &quot;RuntimeError: Database initialization failed&quot;">tests/e2e/test_basic_database_operations.py:17: in setup_class
    setup_reproducible_test_class()
tests/helpers/reproducible_e2e_helper.py:263: in setup_reproducible_test_class
    reproducible_helper.setup_test_class()
tests/helpers/reproducible_e2e_helper.py:178: in setup_test_class
    raise RuntimeError("Database initialization failed")
E   RuntimeError: Database initialization failed</error></testcase><testcase classname="tests.e2e.test_basic_database_operations.TestBasicDatabaseOperations" name="test_client_dm_table_structure" time="0.000"><error message="failed on setup with &quot;RuntimeError: Database initialization failed&quot;">tests/e2e/test_basic_database_operations.py:17: in setup_class
    setup_reproducible_test_class()
tests/helpers/reproducible_e2e_helper.py:263: in setup_reproducible_test_class
    reproducible_helper.setup_test_class()
tests/helpers/reproducible_e2e_helper.py:178: in setup_test_class
    raise RuntimeError("Database initialization failed")
E   RuntimeError: Database initialization failed</error></testcase><testcase classname="tests.e2e.test_basic_database_operations.TestBasicDatabaseOperations" name="test_point_grant_email_table_structure" time="0.000"><error message="failed on setup with &quot;RuntimeError: Database initialization failed&quot;">tests/e2e/test_basic_database_operations.py:17: in setup_class
    setup_reproducible_test_class()
tests/helpers/reproducible_e2e_helper.py:263: in setup_reproducible_test_class
    reproducible_helper.setup_test_class()
tests/helpers/reproducible_e2e_helper.py:178: in setup_test_class
    raise RuntimeError("Database initialization failed")
E   RuntimeError: Database initialization failed</error></testcase><testcase classname="tests.e2e.test_basic_database_operations.TestBasicDatabaseOperations" name="test_marketing_client_dm_table_structure" time="0.000"><error message="failed on setup with &quot;RuntimeError: Database initialization failed&quot;">tests/e2e/test_basic_database_operations.py:17: in setup_class
    setup_reproducible_test_class()
tests/helpers/reproducible_e2e_helper.py:263: in setup_reproducible_test_class
    reproducible_helper.setup_test_class()
tests/helpers/reproducible_e2e_helper.py:178: in setup_test_class
    raise RuntimeError("Database initialization failed")
E   RuntimeError: Database initialization failed</error></testcase><testcase classname="tests.e2e.test_basic_database_operations.TestBasicDatabaseOperations" name="test_data_insertion_basic" time="0.000"><error message="failed on setup with &quot;RuntimeError: Database initialization failed&quot;">tests/e2e/test_basic_database_operations.py:17: in setup_class
    setup_reproducible_test_class()
tests/helpers/reproducible_e2e_helper.py:263: in setup_reproducible_test_class
    reproducible_helper.setup_test_class()
tests/helpers/reproducible_e2e_helper.py:178: in setup_test_class
    raise RuntimeError("Database initialization failed")
E   RuntimeError: Database initialization failed</error></testcase><testcase classname="tests.e2e.test_basic_database_operations.TestBasicDatabaseOperations" name="test_database_performance_basic" time="0.000"><error message="failed on setup with &quot;RuntimeError: Database initialization failed&quot;">tests/e2e/test_basic_database_operations.py:17: in setup_class
    setup_reproducible_test_class()
tests/helpers/reproducible_e2e_helper.py:263: in setup_reproducible_test_class
    reproducible_helper.setup_test_class()
tests/helpers/reproducible_e2e_helper.py:178: in setup_test_class
    raise RuntimeError("Database initialization failed")
E   RuntimeError: Database initialization failed</error></testcase><testcase classname="tests.e2e.test_basic_database_operations.TestBasicDatabaseOperations" name="test_table_relationships_basic" time="0.000"><error message="failed on setup with &quot;RuntimeError: Database initialization failed&quot;">tests/e2e/test_basic_database_operations.py:17: in setup_class
    setup_reproducible_test_class()
tests/helpers/reproducible_e2e_helper.py:263: in setup_reproducible_test_class
    reproducible_helper.setup_test_class()
tests/helpers/reproducible_e2e_helper.py:178: in setup_test_class
    raise RuntimeError("Database initialization failed")
E   RuntimeError: Database initialization failed</error></testcase><testcase classname="tests.e2e.test_basic_database_operations.TestBasicDatabaseOperations" name="test_schema_validation_basic" time="0.000"><error message="failed on setup with &quot;RuntimeError: Database initialization failed&quot;">tests/e2e/test_basic_database_operations.py:17: in setup_class
    setup_reproducible_test_class()
tests/helpers/reproducible_e2e_helper.py:263: in setup_reproducible_test_class
    reproducible_helper.setup_test_class()
tests/helpers/reproducible_e2e_helper.py:178: in setup_test_class
    raise RuntimeError("Database initialization failed")
E   RuntimeError: Database initialization failed</error></testcase><testcase classname="tests.e2e.test_comprehensive_business_analytics.TestComprehensiveBusinessAnalytics" name="test_sales_revenue_analysis" time="56.627"><error message="failed on setup with &quot;RuntimeError: Database initialization failed&quot;">tests/e2e/test_comprehensive_business_analytics.py:32: in setup_class
    setup_reproducible_test_class()
tests/helpers/reproducible_e2e_helper.py:263: in setup_reproducible_test_class
    reproducible_helper.setup_test_class()
tests/helpers/reproducible_e2e_helper.py:178: in setup_test_class
    raise RuntimeError("Database initialization failed")
E   RuntimeError: Database initialization failed</error></testcase><testcase classname="tests.e2e.test_comprehensive_business_analytics.TestComprehensiveBusinessAnalytics" name="test_customer_segmentation_analysis" time="0.000"><error message="failed on setup with &quot;RuntimeError: Database initialization failed&quot;">tests/e2e/test_comprehensive_business_analytics.py:32: in setup_class
    setup_reproducible_test_class()
tests/helpers/reproducible_e2e_helper.py:263: in setup_reproducible_test_class
    reproducible_helper.setup_test_class()
tests/helpers/reproducible_e2e_helper.py:178: in setup_test_class
    raise RuntimeError("Database initialization failed")
E   RuntimeError: Database initialization failed</error></testcase><testcase classname="tests.e2e.test_comprehensive_business_analytics.TestComprehensiveBusinessAnalytics" name="test_product_performance_analysis" time="0.000"><error message="failed on setup with &quot;RuntimeError: Database initialization failed&quot;">tests/e2e/test_comprehensive_business_analytics.py:32: in setup_class
    setup_reproducible_test_class()
tests/helpers/reproducible_e2e_helper.py:263: in setup_reproducible_test_class
    reproducible_helper.setup_test_class()
tests/helpers/reproducible_e2e_helper.py:178: in setup_test_class
    raise RuntimeError("Database initialization failed")
E   RuntimeError: Database initialization failed</error></testcase><testcase classname="tests.e2e.test_comprehensive_data_scenarios.TestComprehensiveDataScenarios" name="test_access_control_scenario_001" time="56.640"><error message="failed on setup with &quot;RuntimeError: Database initialization failed&quot;">tests/e2e/test_comprehensive_data_scenarios.py:30: in setUpClass
    setup_reproducible_test_class()
tests/helpers/reproducible_e2e_helper.py:263: in setup_reproducible_test_class
    reproducible_helper.setup_test_class()
tests/helpers/reproducible_e2e_helper.py:178: in setup_test_class
    raise RuntimeError("Database initialization failed")
E   RuntimeError: Database initialization failed</error></testcase><testcase classname="tests.e2e.test_comprehensive_data_scenarios.TestComprehensiveDataScenarios" name="test_access_control_scenario_002" time="0.000"><error message="failed on setup with &quot;RuntimeError: Database initialization failed&quot;">tests/e2e/test_comprehensive_data_scenarios.py:30: in setUpClass
    setup_reproducible_test_class()
tests/helpers/reproducible_e2e_helper.py:263: in setup_reproducible_test_class
    reproducible_helper.setup_test_class()
tests/helpers/reproducible_e2e_helper.py:178: in setup_test_class
    raise RuntimeError("Database initialization failed")
E   RuntimeError: Database initialization failed</error></testcase><testcase classname="tests.e2e.test_comprehensive_data_scenarios.TestComprehensiveDataScenarios" name="test_access_control_scenario_003" time="0.000"><error message="failed on setup with &quot;RuntimeError: Database initialization failed&quot;">tests/e2e/test_comprehensive_data_scenarios.py:30: in setUpClass
    setup_reproducible_test_class()
tests/helpers/reproducible_e2e_helper.py:263: in setup_reproducible_test_class
    reproducible_helper.setup_test_class()
tests/helpers/reproducible_e2e_helper.py:178: in setup_test_class
    raise RuntimeError("Database initialization failed")
E   RuntimeError: Database initialization failed</error></testcase><testcase classname="tests.e2e.test_comprehensive_data_scenarios.TestComprehensiveDataScenarios" name="test_access_control_scenario_004" time="0.000"><error message="failed on setup with &quot;RuntimeError: Database initialization failed&quot;">tests/e2e/test_comprehensive_data_scenarios.py:30: in setUpClass
    setup_reproducible_test_class()
tests/helpers/reproducible_e2e_helper.py:263: in setup_reproducible_test_class
    reproducible_helper.setup_test_class()
tests/helpers/reproducible_e2e_helper.py:178: in setup_test_class
    raise RuntimeError("Database initialization failed")
E   RuntimeError: Database initialization failed</error></testcase><testcase classname="tests.e2e.test_comprehensive_data_scenarios.TestComprehensiveDataScenarios" name="test_access_control_scenario_005" time="0.000"><error message="failed on setup with &quot;RuntimeError: Database initialization failed&quot;">tests/e2e/test_comprehensive_data_scenarios.py:30: in setUpClass
    setup_reproducible_test_class()
tests/helpers/reproducible_e2e_helper.py:263: in setup_reproducible_test_class
    reproducible_helper.setup_test_class()
tests/helpers/reproducible_e2e_helper.py:178: in setup_test_class
    raise RuntimeError("Database initialization failed")
E   RuntimeError: Database initialization failed</error></testcase><testcase classname="tests.e2e.test_comprehensive_data_scenarios.TestComprehensiveDataScenarios" name="test_api_integration_scenario_001" time="0.000"><error message="failed on setup with &quot;RuntimeError: Database initialization failed&quot;">tests/e2e/test_comprehensive_data_scenarios.py:30: in setUpClass
    setup_reproducible_test_class()
tests/helpers/reproducible_e2e_helper.py:263: in setup_reproducible_test_class
    reproducible_helper.setup_test_class()
tests/helpers/reproducible_e2e_helper.py:178: in setup_test_class
    raise RuntimeError("Database initialization failed")
E   RuntimeError: Database initialization failed</error></testcase><testcase classname="tests.e2e.test_comprehensive_data_scenarios.TestComprehensiveDataScenarios" name="test_api_integration_scenario_002" time="0.000"><error message="failed on setup with &quot;RuntimeError: Database initialization failed&quot;">tests/e2e/test_comprehensive_data_scenarios.py:30: in setUpClass
    setup_reproducible_test_class()
tests/helpers/reproducible_e2e_helper.py:263: in setup_reproducible_test_class
    reproducible_helper.setup_test_class()
tests/helpers/reproducible_e2e_helper.py:178: in setup_test_class
    raise RuntimeError("Database initialization failed")
E   RuntimeError: Database initialization failed</error></testcase><testcase classname="tests.e2e.test_comprehensive_data_scenarios.TestComprehensiveDataScenarios" name="test_api_integration_scenario_003" time="0.000"><error message="failed on setup with &quot;RuntimeError: Database initialization failed&quot;">tests/e2e/test_comprehensive_data_scenarios.py:30: in setUpClass
    setup_reproducible_test_class()
tests/helpers/reproducible_e2e_helper.py:263: in setup_reproducible_test_class
    reproducible_helper.setup_test_class()
tests/helpers/reproducible_e2e_helper.py:178: in setup_test_class
    raise RuntimeError("Database initialization failed")
E   RuntimeError: Database initialization failed</error></testcase><testcase classname="tests.e2e.test_comprehensive_data_scenarios.TestComprehensiveDataScenarios" name="test_api_integration_scenario_004" time="0.000"><error message="failed on setup with &quot;RuntimeError: Database initialization failed&quot;">tests/e2e/test_comprehensive_data_scenarios.py:30: in setUpClass
    setup_reproducible_test_class()
tests/helpers/reproducible_e2e_helper.py:263: in setup_reproducible_test_class
    reproducible_helper.setup_test_class()
tests/helpers/reproducible_e2e_helper.py:178: in setup_test_class
    raise RuntimeError("Database initialization failed")
E   RuntimeError: Database initialization failed</error></testcase><testcase classname="tests.e2e.test_comprehensive_data_scenarios.TestComprehensiveDataScenarios" name="test_api_integration_scenario_005" time="0.000"><error message="failed on setup with &quot;RuntimeError: Database initialization failed&quot;">tests/e2e/test_comprehensive_data_scenarios.py:30: in setUpClass
    setup_reproducible_test_class()
tests/helpers/reproducible_e2e_helper.py:263: in setup_reproducible_test_class
    reproducible_helper.setup_test_class()
tests/helpers/reproducible_e2e_helper.py:178: in setup_test_class
    raise RuntimeError("Database initialization failed")
E   RuntimeError: Database initialization failed</error></testcase><testcase classname="tests.e2e.test_comprehensive_data_scenarios.TestComprehensiveDataScenarios" name="test_audit_logging_scenario_001" time="0.000"><error message="failed on setup with &quot;RuntimeError: Database initialization failed&quot;">tests/e2e/test_comprehensive_data_scenarios.py:30: in setUpClass
    setup_reproducible_test_class()
tests/helpers/reproducible_e2e_helper.py:263: in setup_reproducible_test_class
    reproducible_helper.setup_test_class()
tests/helpers/reproducible_e2e_helper.py:178: in setup_test_class
    raise RuntimeError("Database initialization failed")
E   RuntimeError: Database initialization failed</error></testcase><testcase classname="tests.e2e.test_comprehensive_data_scenarios.TestComprehensiveDataScenarios" name="test_audit_logging_scenario_002" time="0.000"><error message="failed on setup with &quot;RuntimeError: Database initialization failed&quot;">tests/e2e/test_comprehensive_data_scenarios.py:30: in setUpClass
    setup_reproducible_test_class()
tests/helpers/reproducible_e2e_helper.py:263: in setup_reproducible_test_class
    reproducible_helper.setup_test_class()
tests/helpers/reproducible_e2e_helper.py:178: in setup_test_class
    raise RuntimeError("Database initialization failed")
E   RuntimeError: Database initialization failed</error></testcase><testcase classname="tests.e2e.test_comprehensive_data_scenarios.TestComprehensiveDataScenarios" name="test_audit_logging_scenario_003" time="0.000"><error message="failed on setup with &quot;RuntimeError: Database initialization failed&quot;">tests/e2e/test_comprehensive_data_scenarios.py:30: in setUpClass
    setup_reproducible_test_class()
tests/helpers/reproducible_e2e_helper.py:263: in setup_reproducible_test_class
    reproducible_helper.setup_test_class()
tests/helpers/reproducible_e2e_helper.py:178: in setup_test_class
    raise RuntimeError("Database initialization failed")
E   RuntimeError: Database initialization failed</error></testcase><testcase classname="tests.e2e.test_comprehensive_data_scenarios.TestComprehensiveDataScenarios" name="test_audit_logging_scenario_004" time="0.000"><error message="failed on setup with &quot;RuntimeError: Database initialization failed&quot;">tests/e2e/test_comprehensive_data_scenarios.py:30: in setUpClass
    setup_reproducible_test_class()
tests/helpers/reproducible_e2e_helper.py:263: in setup_reproducible_test_class
    reproducible_helper.setup_test_class()
tests/helpers/reproducible_e2e_helper.py:178: in setup_test_class
    raise RuntimeError("Database initialization failed")
E   RuntimeError: Database initialization failed</error></testcase><testcase classname="tests.e2e.test_comprehensive_data_scenarios.TestComprehensiveDataScenarios" name="test_audit_logging_scenario_005" time="0.000"><error message="failed on setup with &quot;RuntimeError: Database initialization failed&quot;">tests/e2e/test_comprehensive_data_scenarios.py:30: in setUpClass
    setup_reproducible_test_class()
tests/helpers/reproducible_e2e_helper.py:263: in setup_reproducible_test_class
    reproducible_helper.setup_test_class()
tests/helpers/reproducible_e2e_helper.py:178: in setup_test_class
    raise RuntimeError("Database initialization failed")
E   RuntimeError: Database initialization failed</error></testcase><testcase classname="tests.e2e.test_comprehensive_data_scenarios.TestComprehensiveDataScenarios" name="test_authentication_scenario_001" time="0.000"><error message="failed on setup with &quot;RuntimeError: Database initialization failed&quot;">tests/e2e/test_comprehensive_data_scenarios.py:30: in setUpClass
    setup_reproducible_test_class()
tests/helpers/reproducible_e2e_helper.py:263: in setup_reproducible_test_class
    reproducible_helper.setup_test_class()
tests/helpers/reproducible_e2e_helper.py:178: in setup_test_class
    raise RuntimeError("Database initialization failed")
E   RuntimeError: Database initialization failed</error></testcase><testcase classname="tests.e2e.test_comprehensive_data_scenarios.TestComprehensiveDataScenarios" name="test_authentication_scenario_002" time="0.000"><error message="failed on setup with &quot;RuntimeError: Database initialization failed&quot;">tests/e2e/test_comprehensive_data_scenarios.py:30: in setUpClass
    setup_reproducible_test_class()
tests/helpers/reproducible_e2e_helper.py:263: in setup_reproducible_test_class
    reproducible_helper.setup_test_class()
tests/helpers/reproducible_e2e_helper.py:178: in setup_test_class
    raise RuntimeError("Database initialization failed")
E   RuntimeError: Database initialization failed</error></testcase><testcase classname="tests.e2e.test_comprehensive_data_scenarios.TestComprehensiveDataScenarios" name="test_authentication_scenario_003" time="0.000"><error message="failed on setup with &quot;RuntimeError: Database initialization failed&quot;">tests/e2e/test_comprehensive_data_scenarios.py:30: in setUpClass
    setup_reproducible_test_class()
tests/helpers/reproducible_e2e_helper.py:263: in setup_reproducible_test_class
    reproducible_helper.setup_test_class()
tests/helpers/reproducible_e2e_helper.py:178: in setup_test_class
    raise RuntimeError("Database initialization failed")
E   RuntimeError: Database initialization failed</error></testcase><testcase classname="tests.e2e.test_comprehensive_data_scenarios.TestComprehensiveDataScenarios" name="test_authentication_scenario_004" time="0.000"><error message="failed on setup with &quot;RuntimeError: Database initialization failed&quot;">tests/e2e/test_comprehensive_data_scenarios.py:30: in setUpClass
    setup_reproducible_test_class()
tests/helpers/reproducible_e2e_helper.py:263: in setup_reproducible_test_class
    reproducible_helper.setup_test_class()
tests/helpers/reproducible_e2e_helper.py:178: in setup_test_class
    raise RuntimeError("Database initialization failed")
[...]
e2e.test_marketing_pipeline_operations.TestMarketingPipelineOperations" name="test_email_deliverability_analysis" time="0.000"><skipped type="pytest.skip" message="E2E Synapse接続が利用できません: 0">/app/tests/e2e/test_marketing_pipeline_operations.py:132: E2E Synapse接続が利用できません: 0</skipped></testcase><testcase classname="tests.e2e.test_marketing_pipeline_operations.TestMarketingPipelineOperations" name="test_customer_lifetime_value_calculation" time="0.000"><skipped type="pytest.skip" message="E2E Synapse接続が利用できません: 0">/app/tests/e2e/test_marketing_pipeline_operations.py:161: E2E Synapse接続が利用できません: 0</skipped></testcase><testcase classname="tests.e2e.test_marketing_pipeline_operations.TestMarketingPipelineOperations" name="test_churn_risk_assessment" time="0.000"><skipped type="pytest.skip" message="E2E Synapse接続が利用できません: 0">/app/tests/e2e/test_marketing_pipeline_operations.py:199: E2E Synapse接続が利用できません: 0</skipped></testcase><testcase classname="tests.e2e.test_marketing_pipeline_operations.TestMarketingPipelineOperations" name="test_marketing_roi_calculation" time="0.000"><skipped type="pytest.skip" message="E2E Synapse接続が利用できません: 0">/app/tests/e2e/test_marketing_pipeline_operations.py:239: E2E Synapse接続が利用できません: 0</skipped></testcase><testcase classname="tests.e2e.test_marketing_pipeline_operations.TestMarketingPipelineOperations" name="test_cross_sell_opportunity_identification" time="0.000"><skipped type="pytest.skip" message="E2E Synapse接続が利用できません: 0">/app/tests/e2e/test_marketing_pipeline_operations.py:275: E2E Synapse接続が利用できません: 0</skipped></testcase><testcase classname="tests.e2e.test_marketing_pipeline_operations.TestMarketingPipelineOperations" name="test_a_b_test_performance_comparison" time="0.000"><skipped type="pytest.skip" message="E2E Synapse接続が利用できません: 0">/app/tests/e2e/test_marketing_pipeline_operations.py:310: E2E Synapse接続が利用できません: 0</skipped></testcase><testcase classname="tests.e2e.test_marketing_pipeline_operations.TestMarketingPipelineOperations" name="test_customer_journey_mapping" time="0.000"><skipped type="pytest.skip" message="E2E Synapse接続が利用できません: 0">/app/tests/e2e/test_marketing_pipeline_operations.py:349: E2E Synapse接続が利用できません: 0</skipped></testcase><testcase classname="tests.e2e.test_pyodbc_availability.TestPyodbcAvailability" name="test_pyodbc_availability_check" time="0.000" /><testcase classname="tests.e2e.test_pyodbc_availability.TestPyodbcAvailability" name="test_conditional_skip_with_pyodbc" time="0.000" /><testcase classname="tests.e2e.test_pyodbc_availability.TestPyodbcAvailability" name="test_conditional_skip_without_pyodbc" time="0.000"><skipped type="pytest.skip" message="pyodbc is available - testing fallback mode">/app/tests/e2e/test_pyodbc_availability.py:36: pyodbc is available - testing fallback mode</skipped></testcase><testcase classname="tests.e2e.test_real_time_streaming_iot.TestRealTimeStreamingAndIoTProcessing" name="test_streaming_data_ingestion" time="56.505"><error message="failed on setup with &quot;RuntimeError: Database initialization failed&quot;">tests/e2e/test_real_time_streaming_iot.py:32: in setup_class
    setup_reproducible_test_class()
tests/helpers/reproducible_e2e_helper.py:263: in setup_reproducible_test_class
    reproducible_helper.setup_test_class()
tests/helpers/reproducible_e2e_helper.py:178: in setup_test_class
    raise RuntimeError("Database initialization failed")
E   RuntimeError: Database initialization failed</error></testcase><testcase classname="tests.e2e.test_real_time_streaming_iot.TestRealTimeStreamingAndIoTProcessing" name="test_iot_sensor_data_processing" time="0.000"><error message="failed on setup with &quot;RuntimeError: Database initialization failed&quot;">tests/e2e/test_real_time_streaming_iot.py:32: in setup_class
    setup_reproducible_test_class()
tests/helpers/reproducible_e2e_helper.py:263: in setup_reproducible_test_class
    reproducible_helper.setup_test_class()
tests/helpers/reproducible_e2e_helper.py:178: in setup_test_class
    raise RuntimeError("Database initialization failed")
E   RuntimeError: Database initialization failed</error></testcase><testcase classname="tests.e2e.test_real_time_streaming_iot.TestRealTimeStreamingAndIoTProcessing" name="test_real_time_analytics_processing" time="0.000"><error message="failed on setup with &quot;RuntimeError: Database initialization failed&quot;">tests/e2e/test_real_time_streaming_iot.py:32: in setup_class
    setup_reproducible_test_class()
tests/helpers/reproducible_e2e_helper.py:263: in setup_reproducible_test_class
    reproducible_helper.setup_test_class()
tests/helpers/reproducible_e2e_helper.py:178: in setup_test_class
    raise RuntimeError("Database initialization failed")
E   RuntimeError: Database initialization failed</error></testcase><testcase classname="tests.e2e.test_real_time_streaming_iot.TestRealTimeStreamingAndIoTProcessing" name="test_event_driven_processing" time="0.000"><error message="failed on setup with &quot;RuntimeError: Database initialization failed&quot;">tests/e2e/test_real_time_streaming_iot.py:32: in setup_class
    setup_reproducible_test_class()
tests/helpers/reproducible_e2e_helper.py:263: in setup_reproducible_test_class
    reproducible_helper.setup_test_class()
tests/helpers/reproducible_e2e_helper.py:178: in setup_test_class
    raise RuntimeError("Database initialization failed")
E   RuntimeError: Database initialization failed</error></testcase><testcase classname="tests.e2e.test_real_time_streaming_iot.TestRealTimeStreamingAndIoTProcessing" name="test_stream_processing_windowing" time="0.000"><error message="failed on setup with &quot;RuntimeError: Database initialization failed&quot;">tests/e2e/test_real_time_streaming_iot.py:32: in setup_class
    setup_reproducible_test_class()
tests/helpers/reproducible_e2e_helper.py:263: in setup_reproducible_test_class
    reproducible_helper.setup_test_class()
tests/helpers/reproducible_e2e_helper.py:178: in setup_test_class
    raise RuntimeError("Database initialization failed")
E   RuntimeError: Database initialization failed</error></testcase><testcase classname="tests.e2e.test_real_time_streaming_iot.TestRealTimeStreamingAndIoTProcessing" name="test_complex_event_processing" time="0.000"><error message="failed on setup with &quot;RuntimeError: Database initialization failed&quot;">tests/e2e/test_real_time_streaming_iot.py:32: in setup_class
    setup_reproducible_test_class()
tests/helpers/reproducible_e2e_helper.py:263: in setup_reproducible_test_class
    reproducible_helper.setup_test_class()
tests/helpers/reproducible_e2e_helper.py:178: in setup_test_class
    raise RuntimeError("Database initialization failed")
E   RuntimeError: Database initialization failed</error></testcase><testcase classname="tests.e2e.test_simple_pipeline_operations.TestSimplePipelineOperations" name="test_simple_data_transfer" time="56.536"><error message="failed on setup with &quot;RuntimeError: Database initialization failed&quot;">tests/e2e/test_simple_pipeline_operations.py:17: in setup_class
    setup_reproducible_test_class()
tests/helpers/reproducible_e2e_helper.py:263: in setup_reproducible_test_class
    reproducible_helper.setup_test_class()
tests/helpers/reproducible_e2e_helper.py:178: in setup_test_class
    raise RuntimeError("Database initialization failed")
E   RuntimeError: Database initialization failed</error></testcase><testcase classname="tests.e2e.test_simple_pipeline_operations.TestSimplePipelineOperations" name="test_pipeline_simulation_basic" time="0.000"><error message="failed on setup with &quot;RuntimeError: Database initialization failed&quot;">tests/e2e/test_simple_pipeline_operations.py:17: in setup_class
    setup_reproducible_test_class()
tests/helpers/reproducible_e2e_helper.py:263: in setup_reproducible_test_class
    reproducible_helper.setup_test_class()
tests/helpers/reproducible_e2e_helper.py:178: in setup_test_class
    raise RuntimeError("Database initialization failed")
E   RuntimeError: Database initialization failed</error></testcase><testcase classname="tests.e2e.test_simple_pipeline_operations.TestSimplePipelineOperations" name="test_data_validation_simple" time="0.000"><error message="failed on setup with &quot;RuntimeError: Database initialization failed&quot;">tests/e2e/test_simple_pipeline_operations.py:17: in setup_class
    setup_reproducible_test_class()
tests/helpers/reproducible_e2e_helper.py:263: in setup_reproducible_test_class
    reproducible_helper.setup_test_class()
tests/helpers/reproducible_e2e_helper.py:178: in setup_test_class
    raise RuntimeError("Database initialization failed")
E   RuntimeError: Database initialization failed</error></testcase><testcase classname="tests.e2e.test_simple_pipeline_operations.TestSimplePipelineOperations" name="test_table_accessibility" time="0.000"><error message="failed on setup with &quot;RuntimeError: Database initialization failed&quot;">tests/e2e/test_simple_pipeline_operations.py:17: in setup_class
    setup_reproducible_test_class()
tests/helpers/reproducible_e2e_helper.py:263: in setup_reproducible_test_class
    reproducible_helper.setup_test_class()
tests/helpers/reproducible_e2e_helper.py:178: in setup_test_class
    raise RuntimeError("Database initialization failed")
E   RuntimeError: Database initialization failed</error></testcase><testcase classname="tests.e2e.test_simple_pipeline_operations.TestSimplePipelineOperations" name="test_data_consistency_basic" time="0.000"><error message="failed on setup with &quot;RuntimeError: Database initialization failed&quot;">tests/e2e/test_simple_pipeline_operations.py:17: in setup_class
    setup_reproducible_test_class()
tests/helpers/reproducible_e2e_helper.py:263: in setup_reproducible_test_class
    reproducible_helper.setup_test_class()
tests/helpers/reproducible_e2e_helper.py:178: in setup_test_class
    raise RuntimeError("Database initialization failed")
E   RuntimeError: Database initialization failed</error></testcase><testcase classname="tests.e2e.test_simple_pipeline_operations.TestSimplePipelineOperations" name="test_timestamp_validation_basic" time="0.000"><error message="failed on setup with &quot;RuntimeError: Database initialization failed&quot;">tests/e2e/test_simple_pipeline_operations.py:17: in setup_class
    setup_reproducible_test_class()
tests/helpers/reproducible_e2e_helper.py:263: in setup_reproducible_test_class
    reproducible_helper.setup_test_class()
tests/helpers/reproducible_e2e_helper.py:178: in setup_test_class
    raise RuntimeError("Database initialization failed")
E   RuntimeError: Database initialization failed</error></testcase><testcase classname="tests.e2e.test_simple_pipeline_operations.TestSimplePipelineOperations" name="test_error_handling_simulation" time="0.000"><error message="failed on setup with &quot;RuntimeError: Database initialization failed&quot;">tests/e2e/test_simple_pipeline_operations.py:17: in setup_class
    setup_reproducible_test_class()
tests/helpers/reproducible_e2e_helper.py:263: in setup_reproducible_test_class
    reproducible_helper.setup_test_class()
tests/helpers/reproducible_e2e_helper.py:178: in setup_test_class
    raise RuntimeError("Database initialization failed")
E   RuntimeError: Database initialization failed</error></testcase><testcase classname="tests.e2e.test_simple_pipeline_operations.TestSimplePipelineOperations" name="test_connection_resilience" time="0.000"><error message="failed on setup with &quot;RuntimeError: Database initialization failed&quot;">tests/e2e/test_simple_pipeline_operations.py:17: in setup_class
    setup_reproducible_test_class()
tests/helpers/reproducible_e2e_helper.py:263: in setup_reproducible_test_class
    reproducible_helper.setup_test_class()
tests/helpers/reproducible_e2e_helper.py:178: in setup_test_class
    raise RuntimeError("Database initialization failed")
E   RuntimeError: Database initialization failed</error></testcase><testcase classname="tests.e2e.test_simple_pipeline_operations.TestSimplePipelineOperations" name="test_batch_operation_simulation" time="0.000"><error message="failed on setup with &quot;RuntimeError: Database initialization failed&quot;">tests/e2e/test_simple_pipeline_operations.py:17: in setup_class
    setup_reproducible_test_class()
tests/helpers/reproducible_e2e_helper.py:263: in setup_reproducible_test_class
    reproducible_helper.setup_test_class()
tests/helpers/reproducible_e2e_helper.py:178: in setup_test_class
    raise RuntimeError("Database initialization failed")
E   RuntimeError: Database initialization failed</error></testcase><testcase classname="tests.e2e.test_simple_pipeline_operations.TestSimplePipelineOperations" name="test_concurrent_access_simulation" time="0.000"><error message="failed on setup with &quot;RuntimeError: Database initialization failed&quot;">tests/e2e/test_simple_pipeline_operations.py:17: in setup_class
    setup_reproducible_test_class()
tests/helpers/reproducible_e2e_helper.py:263: in setup_reproducible_test_class
    reproducible_helper.setup_test_class()
tests/helpers/reproducible_e2e_helper.py:178: in setup_test_class
    raise RuntimeError("Database initialization failed")
E   RuntimeError: Database initialization failed</error></testcase><testcase classname="tests.e2e.test_sys_sched_002_integration_runtime_management.TestSYS_SCHED_002_IntegrationRuntimeManagement" name="test_sys_sched_002_01_autoresolve_ir_monitoring" time="0.000"><error message="failed on setup with &quot;AttributeError: module 'azure' has no attribute 'datafactory'&quot;">tests/e2e/test_sys_sched_002_integration_runtime_management.py:36: in mock_datafactory_client
    with patch('azure.datafactory.DataFactoryManagementClient') as mock_client:
/usr/local/lib/python3.11/unittest/mock.py:1430: in __enter__
    self.target = self.getter()
/usr/local/lib/python3.11/pkgutil.py:715: in resolve_name
    result = getattr(result, p)
E   AttributeError: module 'azure' has no attribute 'datafactory'</error></testcase><testcase classname="tests.e2e.test_sys_sched_002_integration_runtime_management.TestSYS_SCHED_002_IntegrationRuntimeManagement" name="test_sys_sched_002_02_self_hosted_ir_availability" time="0.000"><error message="failed on setup with &quot;AttributeError: module 'azure' has no attribute 'datafactory'&quot;">tests/e2e/test_sys_sched_002_integration_runtime_management.py:36: in mock_datafactory_client
    with patch('azure.datafactory.DataFactoryManagementClient') as mock_client:
/usr/local/lib/python3.11/unittest/mock.py:1430: in __enter__
    self.target = self.getter()
/usr/local/lib/python3.11/pkgutil.py:715: in resolve_name
    result = getattr(result, p)
E   AttributeError: module 'azure' has no attribute 'datafactory'</error></testcase><testcase classname="tests.e2e.test_sys_sched_002_integration_runtime_management.TestSYS_SCHED_002_IntegrationRuntimeManagement" name="test_sys_sched_002_03_ir_connection_validation" time="0.000"><error message="failed on setup with &quot;AttributeError: module 'azure' has no attribute 'datafactory'&quot;">tests/e2e/test_sys_sched_002_integration_runtime_management.py:36: in mock_datafactory_client
    with patch('azure.datafactory.DataFactoryManagementClient') as mock_client:
/usr/local/lib/python3.11/unittest/mock.py:1430: in __enter__
    self.target = self.getter()
/usr/local/lib/python3.11/pkgutil.py:715: in resolve_name
    result = getattr(result, p)
E   AttributeError: module 'azure' has no attribute 'datafactory'</error></testcase><testcase classname="tests.e2e.test_sys_sched_002_integration_runtime_management.TestSYS_SCHED_002_IntegrationRuntimeManagement" name="test_sys_sched_002_04_ir_monitoring_metrics" time="0.000"><error message="failed on setup with &quot;AttributeError: module 'azure' has no attribute 'monitor'&quot;">tests/e2e/test_sys_sched_002_integration_runtime_management.py:44: in mock_monitor_client
    with patch('azure.monitor.query.LogsQueryClient') as mock_monitor:
/usr/local/lib/python3.11/unittest/mock.py:1430: in __enter__
    self.target = self.getter()
/usr/local/lib/python3.11/pkgutil.py:715: in resolve_name
    result = getattr(result, p)
E   AttributeError: module 'azure' has no attribute 'monitor'</error></testcase><testcase classname="tests.e2e.test_sys_sched_002_integration_runtime_management.TestSYS_SCHED_002_IntegrationRuntimeManagement" name="test_sys_sched_002_05_ir_performance_baseline" time="0.000"><error message="failed on setup with &quot;AttributeError: module 'azure' has no attribute 'datafactory'&quot;">tests/e2e/test_sys_sched_002_integration_runtime_management.py:36: in mock_datafactory_client
    with patch('azure.datafactory.DataFactoryManagementClient') as mock_client:
/usr/local/lib/python3.11/unittest/mock.py:1430: in __enter__
    self.target = self.getter()
/usr/local/lib/python3.11/pkgutil.py:715: in resolve_name
    result = getattr(result, p)
E   AttributeError: module 'azure' has no attribute 'datafactory'</error></testcase><testcase classname="tests.e2e.test_sys_sched_002_integration_runtime_management.TestSYS_SCHED_002_IntegrationRuntimeManagement" name="test_sys_sched_002_06_ir_configuration_validation" time="0.000"><error message="failed on setup with &quot;AttributeError: module 'azure' has no attribute 'datafactory'&quot;">tests/e2e/test_sys_sched_002_integration_runtime_management.py:36: in mock_datafactory_client
    with patch('azure.datafactory.DataFactoryManagementClient') as mock_client:
/usr/local/lib/python3.11/unittest/mock.py:1430: in __enter__
    self.target = self.getter()
/usr/local/lib/python3.11/pkgutil.py:715: in resolve_name
    result = getattr(result, p)
E   AttributeError: module 'azure' has no attribute 'datafactory'</error></testcase><testcase classname="tests.e2e.test_sys_sched_002_integration_runtime_management.TestSYS_SCHED_002_IntegrationRuntimeManagement" name="test_sys_sched_002_05_disaster_recovery_preparation" time="0.000"><error message="failed on setup with &quot;AttributeError: module 'azure' has no attribute 'datafactory'&quot;">tests/e2e/test_sys_sched_002_integration_runtime_management.py:36: in mock_datafactory_client
    with patch('azure.datafactory.DataFactoryManagementClient') as mock_client:
/usr/local/lib/python3.11/unittest/mock.py:1430: in __enter__
    self.target = self.getter()
/usr/local/lib/python3.11/pkgutil.py:715: in resolve_name
    result = getattr(result, p)
E   AttributeError: module 'azure' has no attribute 'datafactory'</error></testcase><testcase classname="tests.e2e.test_sys_sched_002_integration_runtime_management.TestSYS_SCHED_002_IntegrationRuntimeManagement" name="test_sys_sched_002_06_ir_failover_scenario" time="0.000"><error message="failed on setup with &quot;AttributeError: module 'azure' has no attribute 'datafactory'&quot;">tests/e2e/test_sys_sched_002_integration_runtime_management.py:36: in mock_datafactory_client
    with patch('azure.datafactory.DataFactoryManagementClient') as mock_client:
/usr/local/lib/python3.11/unittest/mock.py:1430: in __enter__
    self.target = self.getter()
/usr/local/lib/python3.11/pkgutil.py:715: in resolve_name
    result = getattr(result, p)
E   AttributeError: module 'azure' has no attribute 'datafactory'</error></testcase><testcase classname="tests.e2e.test_sys_sched_002_integration_runtime_management.TestSYS_SCHED_002_IntegrationRuntimeManagement" name="test_sys_sched_002_07_performance_monitoring_advanced" time="0.005"><error message="failed on setup with &quot;AttributeError: module 'azure' has no attribute 'datafactory'&quot;">tests/e2e/test_sys_sched_002_integration_runtime_management.py:36: in mock_datafactory_client
    with patch('azure.datafactory.DataFactoryManagementClient') as mock_client:
/usr/local/lib/python3.11/unittest/mock.py:1430: in __enter__
    self.target = self.getter()
/usr/local/lib/python3.11/pkgutil.py:715: in resolve_name
    result = getattr(result, p)
E   AttributeError: module 'azure' has no attribute 'datafactory'</error></testcase></testsuite></testsuites>