<?xml version="1.0" encoding="utf-8"?><testsuites><testsuite name="pytest" errors="0" failures="0" skipped="2" tests="2" time="0.018" timestamp="2025-06-07T06:05:30.315004" hostname="12f1a4c666d7"><testcase classname="tests.e2e.test_e2e_working.TestE2EWorking" name="test_ir_simulator_basic" time="0.002"><skipped type="pytest.skip" message="IR Simulator not accessible">/app/tests/e2e/test_e2e_working.py:50: IR Simulator not accessible</skipped></testcase><testcase classname="tests.e2e.test_e2e_working.TestE2EWorking" name="test_azurite_basic" time="0.001"><skipped type="pytest.skip" message="Azurite not accessible">/app/tests/e2e/test_e2e_working.py:59: Azurite not accessible</skipped></testcase></testsuite></testsuites>